  CStressTestDlg.cpp
C:\Users\정원규\Desktop\정원규\source\Training\Training4\Training4\CStressTestDlg.cpp(54,9): warning C4477: 'printf' : 서식 문자열 '%s'에 'char *' 형식의 인수가 필요하지만 variadic 인수 2의 형식이 'const Proud::String'입니다.
C:\Users\정원규\Desktop\정원규\source\Training\Training4\Training4\CStressTestDlg.cpp(158,31): warning C4477: 'snprintf' : 서식 문자열 '%03ld'에 'long' 형식의 인수가 필요하지만 variadic 인수 7의 형식이 '_Rep'입니다.
          with
          [
              _Rep=__int64
          ]
C:\Users\정원규\Desktop\정원규\source\Training\Training4\Training4\CStressTestDlg.cpp(158,31): message : 서식 문자열에서 '%lld'을(를) 사용하는 것이 좋습니다.
C:\Users\정원규\Desktop\정원규\source\Training\Training4\Training4\CStressTestDlg.cpp(158,31): message : 서식 문자열에서 '%Id'을(를) 사용하는 것이 좋습니다.
C:\Users\정원규\Desktop\정원규\source\Training\Training4\Training4\CStressTestDlg.cpp(158,31): message : 서식 문자열에서 '%I64d'을(를) 사용하는 것이 좋습니다.
C:\Users\정원규\Desktop\정원규\source\Training\Training4\Training4\CStressTestDlg.cpp(168,87): warning C4267: '인수': 'size_t'에서 '_Ty'(으)로 변환하면서 데이터가 손실될 수 있습니다.
          with
          [
              _Ty=int
          ]
C:\Users\정원규\Desktop\정원규\source\Training\Training4\Training4\CStressTestDlg.cpp(226,28): warning C4244: '=': 'uint64_t'에서 'int'(으)로 변환하면서 데이터가 손실될 수 있습니다.
C:\Users\정원규\Desktop\정원규\source\Training\Training4\Training4\CStressTestDlg.cpp(232,54): warning C4267: '인수': 'size_t'에서 'int'(으)로 변환하면서 데이터가 손실될 수 있습니다.
C:\Users\정원규\Desktop\정원규\source\Training\Training4\Training4\CStressTestDlg.cpp(238,37): warning C4244: '인수': 'uint64_t'에서 'const int'(으)로 변환하면서 데이터가 손실될 수 있습니다.
C:\Users\정원규\Desktop\정원규\source\Training\Training4\Training4\CStressTestDlg.cpp(252,54): warning C4267: '인수': 'size_t'에서 'int'(으)로 변환하면서 데이터가 손실될 수 있습니다.
C:\Users\정원규\Desktop\정원규\source\Training\Training4\Training4\CStressTestDlg.cpp(357,29): warning C4477: 'snprintf' : 서식 문자열 '%d'에 'int' 형식의 인수가 필요하지만 variadic 인수 1의 형식이 'uint64_t'입니다.
C:\Users\정원규\Desktop\정원규\source\Training\Training4\Training4\CStressTestDlg.cpp(357,29): message : 서식 문자열에서 '%lld'을(를) 사용하는 것이 좋습니다.
C:\Users\정원규\Desktop\정원규\source\Training\Training4\Training4\CStressTestDlg.cpp(357,29): message : 서식 문자열에서 '%Id'을(를) 사용하는 것이 좋습니다.
C:\Users\정원규\Desktop\정원규\source\Training\Training4\Training4\CStressTestDlg.cpp(357,29): message : 서식 문자열에서 '%I64d'을(를) 사용하는 것이 좋습니다.
C:\Users\정원규\Desktop\정원규\source\Training\Training4\Training4\CStressTestDlg.cpp(384,30): warning C4244: '인수': 'uint64_t'에서 'UINT'(으)로 변환하면서 데이터가 손실될 수 있습니다.
C:\Users\정원규\Desktop\정원규\source\Training\Training4\Training4\CStressTestDlg.cpp(385,30): warning C4244: '인수': 'uint64_t'에서 'UINT'(으)로 변환하면서 데이터가 손실될 수 있습니다.
  Training4.vcxproj -> C:\Users\정원규\Desktop\정원규\source\Training\Training4\x64\Debug\Training4.exe
