c:\users\정원규\desktop\정원규\source\training\training4\common\x64\debug\common.pch
c:\users\정원규\desktop\정원규\source\training\training4\x64\debug\common.pdb
c:\users\정원규\desktop\정원규\source\training\training4\x64\debug\common.idb
c:\users\정원규\desktop\정원규\source\training\training4\common\x64\debug\pch.obj
c:\users\정원규\desktop\정원규\source\training\training4\common\x64\debug\vars.obj
c:\users\정원규\desktop\정원규\source\training\training4\common\x64\debug\common.obj
c:\users\정원규\desktop\정원규\source\training\training4\common\c2s_common.cpp
c:\users\정원규\desktop\정원규\source\training\training4\common\c2s_common.h
c:\users\정원규\desktop\정원규\source\training\training4\common\c2s_proxy.cpp
c:\users\정원규\desktop\정원규\source\training\training4\common\c2s_proxy.h
c:\users\정원규\desktop\정원규\source\training\training4\common\c2s_stub.cpp
c:\users\정원규\desktop\정원규\source\training\training4\common\c2s_stub.h
c:\users\정원규\desktop\정원규\source\training\training4\common\s2c_common.cpp
c:\users\정원규\desktop\정원규\source\training\training4\common\s2c_common.h
c:\users\정원규\desktop\정원규\source\training\training4\common\s2c_proxy.cpp
c:\users\정원규\desktop\정원규\source\training\training4\common\s2c_proxy.h
c:\users\정원규\desktop\정원규\source\training\training4\common\s2c_stub.cpp
c:\users\정원규\desktop\정원규\source\training\training4\common\s2c_stub.h
c:\users\정원규\desktop\정원규\source\training\training4\x64\debug\common.lib
c:\users\정원규\desktop\정원규\source\training\training4\common\x64\debug\common.tlog\cl.command.1.tlog
c:\users\정원규\desktop\정원규\source\training\training4\common\x64\debug\common.tlog\cl.items.tlog
c:\users\정원규\desktop\정원규\source\training\training4\common\x64\debug\common.tlog\cl.read.1.tlog
c:\users\정원규\desktop\정원규\source\training\training4\common\x64\debug\common.tlog\cl.write.1.tlog
c:\users\정원규\desktop\정원규\source\training\training4\common\x64\debug\common.tlog\custombuild.command.1.tlog
c:\users\정원규\desktop\정원규\source\training\training4\common\x64\debug\common.tlog\custombuild.read.1.tlog
c:\users\정원규\desktop\정원규\source\training\training4\common\x64\debug\common.tlog\custombuild.write.1.tlog
c:\users\정원규\desktop\정원규\source\training\training4\common\x64\debug\common.tlog\lib-link.read.1.tlog
c:\users\정원규\desktop\정원규\source\training\training4\common\x64\debug\common.tlog\lib-link.write.1.tlog
c:\users\정원규\desktop\정원규\source\training\training4\common\x64\debug\common.tlog\lib.command.1.tlog
