  Server.cpp
C:\Users\정원규\Desktop\정원규\source\Training\Training4\Server\Server.cpp(75,34): warning C4477: 'snprintf' : 서식 문자열 '%03ld'에 'long' 형식의 인수가 필요하지만 variadic 인수 7의 형식이 '_Rep'입니다.
          with
          [
              _Rep=__int64
          ]
C:\Users\정원규\Desktop\정원규\source\Training\Training4\Server\Server.cpp(75,34): message : 서식 문자열에서 '%lld'을(를) 사용하는 것이 좋습니다.
C:\Users\정원규\Desktop\정원규\source\Training\Training4\Server\Server.cpp(75,34): message : 서식 문자열에서 '%Id'을(를) 사용하는 것이 좋습니다.
C:\Users\정원규\Desktop\정원규\source\Training\Training4\Server\Server.cpp(75,34): message : 서식 문자열에서 '%I64d'을(를) 사용하는 것이 좋습니다.
C:\Users\정원규\Desktop\정원규\source\Training\Training4\Server\Server.cpp(123,34): warning C4477: 'snprintf' : 서식 문자열 '%03ld'에 'long' 형식의 인수가 필요하지만 variadic 인수 7의 형식이 '_Rep'입니다.
          with
          [
              _Rep=__int64
          ]
C:\Users\정원규\Desktop\정원규\source\Training\Training4\Server\Server.cpp(123,34): message : 서식 문자열에서 '%lld'을(를) 사용하는 것이 좋습니다.
C:\Users\정원규\Desktop\정원규\source\Training\Training4\Server\Server.cpp(123,34): message : 서식 문자열에서 '%Id'을(를) 사용하는 것이 좋습니다.
C:\Users\정원규\Desktop\정원규\source\Training\Training4\Server\Server.cpp(123,34): message : 서식 문자열에서 '%I64d'을(를) 사용하는 것이 좋습니다.
Common.lib(ClientUnityBuild011.obj) : warning LNK4099: '' PDB를 'Common.lib(ClientUnityBuild011.obj)' 또는 ''에서 찾을 수 없습니다. 디버그 정보가 없는 것처럼 개체를 링크합니다.
Common.lib(ClientUnityBuild002.obj) : warning LNK4099: '' PDB를 'Common.lib(ClientUnityBuild002.obj)' 또는 ''에서 찾을 수 없습니다. 디버그 정보가 없는 것처럼 개체를 링크합니다.
Common.lib(ClientUnityBuild005.obj) : warning LNK4099: '' PDB를 'Common.lib(ClientUnityBuild005.obj)' 또는 ''에서 찾을 수 없습니다. 디버그 정보가 없는 것처럼 개체를 링크합니다.
Common.lib(ClientUnityBuild008.obj) : warning LNK4099: '' PDB를 'Common.lib(ClientUnityBuild008.obj)' 또는 ''에서 찾을 수 없습니다. 디버그 정보가 없는 것처럼 개체를 링크합니다.
Common.lib(ClientUnityBuild003.obj) : warning LNK4099: '' PDB를 'Common.lib(ClientUnityBuild003.obj)' 또는 ''에서 찾을 수 없습니다. 디버그 정보가 없는 것처럼 개체를 링크합니다.
Common.lib(ClientUnityBuild006.obj) : warning LNK4099: '' PDB를 'Common.lib(ClientUnityBuild006.obj)' 또는 ''에서 찾을 수 없습니다. 디버그 정보가 없는 것처럼 개체를 링크합니다.
Common.lib(ClientUnityBuild014.obj) : warning LNK4099: '' PDB를 'Common.lib(ClientUnityBuild014.obj)' 또는 ''에서 찾을 수 없습니다. 디버그 정보가 없는 것처럼 개체를 링크합니다.
Common.lib(ClientUnityBuild015.obj) : warning LNK4099: '' PDB를 'Common.lib(ClientUnityBuild015.obj)' 또는 ''에서 찾을 수 없습니다. 디버그 정보가 없는 것처럼 개체를 링크합니다.
Common.lib(ClientUnityBuild013.obj) : warning LNK4099: '' PDB를 'Common.lib(ClientUnityBuild013.obj)' 또는 ''에서 찾을 수 없습니다. 디버그 정보가 없는 것처럼 개체를 링크합니다.
Common.lib(ClientUnityBuild004.obj) : warning LNK4099: '' PDB를 'Common.lib(ClientUnityBuild004.obj)' 또는 ''에서 찾을 수 없습니다. 디버그 정보가 없는 것처럼 개체를 링크합니다.
Common.lib(ClientUnityBuild001.obj) : warning LNK4099: '' PDB를 'Common.lib(ClientUnityBuild001.obj)' 또는 ''에서 찾을 수 없습니다. 디버그 정보가 없는 것처럼 개체를 링크합니다.
Common.lib(stdafx.obj) : warning LNK4099: '' PDB를 'Common.lib(stdafx.obj)' 또는 ''에서 찾을 수 없습니다. 디버그 정보가 없는 것처럼 개체를 링크합니다.
Common.lib(ClientUnityBuild010.obj) : warning LNK4099: '' PDB를 'Common.lib(ClientUnityBuild010.obj)' 또는 ''에서 찾을 수 없습니다. 디버그 정보가 없는 것처럼 개체를 링크합니다.
Common.lib(ClientUnityBuild012.obj) : warning LNK4099: '' PDB를 'Common.lib(ClientUnityBuild012.obj)' 또는 ''에서 찾을 수 없습니다. 디버그 정보가 없는 것처럼 개체를 링크합니다.
Common.lib(ClientUnityBuild009.obj) : warning LNK4099: '' PDB를 'Common.lib(ClientUnityBuild009.obj)' 또는 ''에서 찾을 수 없습니다. 디버그 정보가 없는 것처럼 개체를 링크합니다.
Common.lib(ClientUnityBuild007.obj) : warning LNK4099: '' PDB를 'Common.lib(ClientUnityBuild007.obj)' 또는 ''에서 찾을 수 없습니다. 디버그 정보가 없는 것처럼 개체를 링크합니다.
Common.lib(crypt_find_hash.obj) : warning LNK4099: '' PDB를 'Common.lib(crypt_find_hash.obj)' 또는 ''에서 찾을 수 없습니다. 디버그 정보가 없는 것처럼 개체를 링크합니다.
Common.lib(crypt_register_hash.obj) : warning LNK4099: '' PDB를 'Common.lib(crypt_register_hash.obj)' 또는 ''에서 찾을 수 없습니다. 디버그 정보가 없는 것처럼 개체를 링크합니다.
Common.lib(fortuna.obj) : warning LNK4099: '' PDB를 'Common.lib(fortuna.obj)' 또는 ''에서 찾을 수 없습니다. 디버그 정보가 없는 것처럼 개체를 링크합니다.
Common.lib(crypt_find_prng.obj) : warning LNK4099: '' PDB를 'Common.lib(crypt_find_prng.obj)' 또는 ''에서 찾을 수 없습니다. 디버그 정보가 없는 것처럼 개체를 링크합니다.
Common.lib(crypt_register_prng.obj) : warning LNK4099: '' PDB를 'Common.lib(crypt_register_prng.obj)' 또는 ''에서 찾을 수 없습니다. 디버그 정보가 없는 것처럼 개체를 링크합니다.
Common.lib(rng_make_prng.obj) : warning LNK4099: '' PDB를 'Common.lib(rng_make_prng.obj)' 또는 ''에서 찾을 수 없습니다. 디버그 정보가 없는 것처럼 개체를 링크합니다.
Common.lib(rsa_make_key.obj) : warning LNK4099: '' PDB를 'Common.lib(rsa_make_key.obj)' 또는 ''에서 찾을 수 없습니다. 디버그 정보가 없는 것처럼 개체를 링크합니다.
Common.lib(rsa_free.obj) : warning LNK4099: '' PDB를 'Common.lib(rsa_free.obj)' 또는 ''에서 찾을 수 없습니다. 디버그 정보가 없는 것처럼 개체를 링크합니다.
Common.lib(rsa_encrypt_key.obj) : warning LNK4099: '' PDB를 'Common.lib(rsa_encrypt_key.obj)' 또는 ''에서 찾을 수 없습니다. 디버그 정보가 없는 것처럼 개체를 링크합니다.
Common.lib(rsa_decrypt_key.obj) : warning LNK4099: '' PDB를 'Common.lib(rsa_decrypt_key.obj)' 또는 ''에서 찾을 수 없습니다. 디버그 정보가 없는 것처럼 개체를 링크합니다.
Common.lib(rsa_export.obj) : warning LNK4099: '' PDB를 'Common.lib(rsa_export.obj)' 또는 ''에서 찾을 수 없습니다. 디버그 정보가 없는 것처럼 개체를 링크합니다.
Common.lib(rsa_import.obj) : warning LNK4099: '' PDB를 'Common.lib(rsa_import.obj)' 또는 ''에서 찾을 수 없습니다. 디버그 정보가 없는 것처럼 개체를 링크합니다.
Common.lib(base64_encode.obj) : warning LNK4099: '' PDB를 'Common.lib(base64_encode.obj)' 또는 ''에서 찾을 수 없습니다. 디버그 정보가 없는 것처럼 개체를 링크합니다.
Common.lib(base64_decode.obj) : warning LNK4099: '' PDB를 'Common.lib(base64_decode.obj)' 또는 ''에서 찾을 수 없습니다. 디버그 정보가 없는 것처럼 개체를 링크합니다.
Common.lib(crypt_cipher_descriptor.obj) : warning LNK4099: '' PDB를 'Common.lib(crypt_cipher_descriptor.obj)' 또는 ''에서 찾을 수 없습니다. 디버그 정보가 없는 것처럼 개체를 링크합니다.
Common.lib(sha1.obj) : warning LNK4099: '' PDB를 'Common.lib(sha1.obj)' 또는 ''에서 찾을 수 없습니다. 디버그 정보가 없는 것처럼 개체를 링크합니다.
Common.lib(crypt_hash_descriptor.obj) : warning LNK4099: '' PDB를 'Common.lib(crypt_hash_descriptor.obj)' 또는 ''에서 찾을 수 없습니다. 디버그 정보가 없는 것처럼 개체를 링크합니다.
Common.lib(crypt_prng_descriptor.obj) : warning LNK4099: '' PDB를 'Common.lib(crypt_prng_descriptor.obj)' 또는 ''에서 찾을 수 없습니다. 디버그 정보가 없는 것처럼 개체를 링크합니다.
Common.lib(ltm_desc.obj) : warning LNK4099: '' PDB를 'Common.lib(ltm_desc.obj)' 또는 ''에서 찾을 수 없습니다. 디버그 정보가 없는 것처럼 개체를 링크합니다.
Common.lib(compress.obj) : warning LNK4099: '' PDB를 'Common.lib(compress.obj)' 또는 ''에서 찾을 수 없습니다. 디버그 정보가 없는 것처럼 개체를 링크합니다.
Common.lib(iconv.obj) : warning LNK4099: '' PDB를 'Common.lib(iconv.obj)' 또는 ''에서 찾을 수 없습니다. 디버그 정보가 없는 것처럼 개체를 링크합니다.
Common.lib(deflate.obj) : warning LNK4099: '' PDB를 'Common.lib(deflate.obj)' 또는 ''에서 찾을 수 없습니다. 디버그 정보가 없는 것처럼 개체를 링크합니다.
Common.lib(inflate.obj) : warning LNK4099: '' PDB를 'Common.lib(inflate.obj)' 또는 ''에서 찾을 수 없습니다. 디버그 정보가 없는 것처럼 개체를 링크합니다.
Common.lib(aes.obj) : warning LNK4099: '' PDB를 'Common.lib(aes.obj)' 또는 ''에서 찾을 수 없습니다. 디버그 정보가 없는 것처럼 개체를 링크합니다.
Common.lib(sha256.obj) : warning LNK4099: '' PDB를 'Common.lib(sha256.obj)' 또는 ''에서 찾을 수 없습니다. 디버그 정보가 없는 것처럼 개체를 링크합니다.
Common.lib(zeromem.obj) : warning LNK4099: '' PDB를 'Common.lib(zeromem.obj)' 또는 ''에서 찾을 수 없습니다. 디버그 정보가 없는 것처럼 개체를 링크합니다.
Common.lib(crypt_prng_is_valid.obj) : warning LNK4099: '' PDB를 'Common.lib(crypt_prng_is_valid.obj)' 또는 ''에서 찾을 수 없습니다. 디버그 정보가 없는 것처럼 개체를 링크합니다.
Common.lib(rng_get_bytes.obj) : warning LNK4099: '' PDB를 'Common.lib(rng_get_bytes.obj)' 또는 ''에서 찾을 수 없습니다. 디버그 정보가 없는 것처럼 개체를 링크합니다.
Common.lib(rand_prime.obj) : warning LNK4099: '' PDB를 'Common.lib(rand_prime.obj)' 또는 ''에서 찾을 수 없습니다. 디버그 정보가 없는 것처럼 개체를 링크합니다.
Common.lib(multi.obj) : warning LNK4099: '' PDB를 'Common.lib(multi.obj)' 또는 ''에서 찾을 수 없습니다. 디버그 정보가 없는 것처럼 개체를 링크합니다.
Common.lib(crypt_hash_is_valid.obj) : warning LNK4099: '' PDB를 'Common.lib(crypt_hash_is_valid.obj)' 또는 ''에서 찾을 수 없습니다. 디버그 정보가 없는 것처럼 개체를 링크합니다.
Common.lib(pkcs_1_v1_5_encode.obj) : warning LNK4099: '' PDB를 'Common.lib(pkcs_1_v1_5_encode.obj)' 또는 ''에서 찾을 수 없습니다. 디버그 정보가 없는 것처럼 개체를 링크합니다.
Common.lib(pkcs_1_oaep_encode.obj) : warning LNK4099: '' PDB를 'Common.lib(pkcs_1_oaep_encode.obj)' 또는 ''에서 찾을 수 없습니다. 디버그 정보가 없는 것처럼 개체를 링크합니다.
Common.lib(pkcs_1_v1_5_decode.obj) : warning LNK4099: '' PDB를 'Common.lib(pkcs_1_v1_5_decode.obj)' 또는 ''에서 찾을 수 없습니다. 디버그 정보가 없는 것처럼 개체를 링크합니다.
Common.lib(pkcs_1_oaep_decode.obj) : warning LNK4099: '' PDB를 'Common.lib(pkcs_1_oaep_decode.obj)' 또는 ''에서 찾을 수 없습니다. 디버그 정보가 없는 것처럼 개체를 링크합니다.
Common.lib(der_encode_sequence_multi.obj) : warning LNK4099: '' PDB를 'Common.lib(der_encode_sequence_multi.obj)' 또는 ''에서 찾을 수 없습니다. 디버그 정보가 없는 것처럼 개체를 링크합니다.
Common.lib(der_decode_sequence_ex.obj) : warning LNK4099: '' PDB를 'Common.lib(der_decode_sequence_ex.obj)' 또는 ''에서 찾을 수 없습니다. 디버그 정보가 없는 것처럼 개체를 링크합니다.
Common.lib(der_decode_sequence_multi.obj) : warning LNK4099: '' PDB를 'Common.lib(der_decode_sequence_multi.obj)' 또는 ''에서 찾을 수 없습니다. 디버그 정보가 없는 것처럼 개체를 링크합니다.
Common.lib(rsa_exptmod.obj) : warning LNK4099: '' PDB를 'Common.lib(rsa_exptmod.obj)' 또는 ''에서 찾을 수 없습니다. 디버그 정보가 없는 것처럼 개체를 링크합니다.
Common.lib(bn_mp_init.obj) : warning LNK4099: '' PDB를 'Common.lib(bn_mp_init.obj)' 또는 ''에서 찾을 수 없습니다. 디버그 정보가 없는 것처럼 개체를 링크합니다.
Common.lib(bn_mp_clear.obj) : warning LNK4099: '' PDB를 'Common.lib(bn_mp_clear.obj)' 또는 ''에서 찾을 수 없습니다. 디버그 정보가 없는 것처럼 개체를 링크합니다.
Common.lib(bn_mp_set_int.obj) : warning LNK4099: '' PDB를 'Common.lib(bn_mp_set_int.obj)' 또는 ''에서 찾을 수 없습니다. 디버그 정보가 없는 것처럼 개체를 링크합니다.
Common.lib(bn_mp_get_int.obj) : warning LNK4099: '' PDB를 'Common.lib(bn_mp_get_int.obj)' 또는 ''에서 찾을 수 없습니다. 디버그 정보가 없는 것처럼 개체를 링크합니다.
Common.lib(bn_mp_copy.obj) : warning LNK4099: '' PDB를 'Common.lib(bn_mp_copy.obj)' 또는 ''에서 찾을 수 없습니다. 디버그 정보가 없는 것처럼 개체를 링크합니다.
Common.lib(bn_mp_div_2.obj) : warning LNK4099: '' PDB를 'Common.lib(bn_mp_div_2.obj)' 또는 ''에서 찾을 수 없습니다. 디버그 정보가 없는 것처럼 개체를 링크합니다.
Common.lib(bn_mp_2expt.obj) : warning LNK4099: '' PDB를 'Common.lib(bn_mp_2expt.obj)' 또는 ''에서 찾을 수 없습니다. 디버그 정보가 없는 것처럼 개체를 링크합니다.
Common.lib(bn_mp_cnt_lsb.obj) : warning LNK4099: '' PDB를 'Common.lib(bn_mp_cnt_lsb.obj)' 또는 ''에서 찾을 수 없습니다. 디버그 정보가 없는 것처럼 개체를 링크합니다.
Common.lib(bn_mp_neg.obj) : warning LNK4099: '' PDB를 'Common.lib(bn_mp_neg.obj)' 또는 ''에서 찾을 수 없습니다. 디버그 정보가 없는 것처럼 개체를 링크합니다.
Common.lib(bn_mp_cmp.obj) : warning LNK4099: '' PDB를 'Common.lib(bn_mp_cmp.obj)' 또는 ''에서 찾을 수 없습니다. 디버그 정보가 없는 것처럼 개체를 링크합니다.
Common.lib(bn_mp_add.obj) : warning LNK4099: '' PDB를 'Common.lib(bn_mp_add.obj)' 또는 ''에서 찾을 수 없습니다. 디버그 정보가 없는 것처럼 개체를 링크합니다.
Common.lib(bn_mp_sub.obj) : warning LNK4099: '' PDB를 'Common.lib(bn_mp_sub.obj)' 또는 ''에서 찾을 수 없습니다. 디버그 정보가 없는 것처럼 개체를 링크합니다.
Common.lib(bn_mp_mul.obj) : warning LNK4099: '' PDB를 'Common.lib(bn_mp_mul.obj)' 또는 ''에서 찾을 수 없습니다. 디버그 정보가 없는 것처럼 개체를 링크합니다.
Common.lib(bn_mp_sqr.obj) : warning LNK4099: '' PDB를 'Common.lib(bn_mp_sqr.obj)' 또는 ''에서 찾을 수 없습니다. 디버그 정보가 없는 것처럼 개체를 링크합니다.
Common.lib(bn_mp_div.obj) : warning LNK4099: '' PDB를 'Common.lib(bn_mp_div.obj)' 또는 ''에서 찾을 수 없습니다. 디버그 정보가 없는 것처럼 개체를 링크합니다.
Common.lib(bn_mp_cmp_d.obj) : warning LNK4099: '' PDB를 'Common.lib(bn_mp_cmp_d.obj)' 또는 ''에서 찾을 수 없습니다. 디버그 정보가 없는 것처럼 개체를 링크합니다.
Common.lib(bn_mp_add_d.obj) : warning LNK4099: '' PDB를 'Common.lib(bn_mp_add_d.obj)' 또는 ''에서 찾을 수 없습니다. 디버그 정보가 없는 것처럼 개체를 링크합니다.
Common.lib(bn_mp_sub_d.obj) : warning LNK4099: '' PDB를 'Common.lib(bn_mp_sub_d.obj)' 또는 ''에서 찾을 수 없습니다. 디버그 정보가 없는 것처럼 개체를 링크합니다.
Common.lib(bn_mp_mul_d.obj) : warning LNK4099: '' PDB를 'Common.lib(bn_mp_mul_d.obj)' 또는 ''에서 찾을 수 없습니다. 디버그 정보가 없는 것처럼 개체를 링크합니다.
Common.lib(bn_mp_mod_d.obj) : warning LNK4099: '' PDB를 'Common.lib(bn_mp_mod_d.obj)' 또는 ''에서 찾을 수 없습니다. 디버그 정보가 없는 것처럼 개체를 링크합니다.
Common.lib(bn_mp_mulmod.obj) : warning LNK4099: '' PDB를 'Common.lib(bn_mp_mulmod.obj)' 또는 ''에서 찾을 수 없습니다. 디버그 정보가 없는 것처럼 개체를 링크합니다.
Common.lib(bn_mp_sqrmod.obj) : warning LNK4099: '' PDB를 'Common.lib(bn_mp_sqrmod.obj)' 또는 ''에서 찾을 수 없습니다. 디버그 정보가 없는 것처럼 개체를 링크합니다.
Common.lib(bn_mp_invmod.obj) : warning LNK4099: '' PDB를 'Common.lib(bn_mp_invmod.obj)' 또는 ''에서 찾을 수 없습니다. 디버그 정보가 없는 것처럼 개체를 링크합니다.
Common.lib(bn_mp_gcd.obj) : warning LNK4099: '' PDB를 'Common.lib(bn_mp_gcd.obj)' 또는 ''에서 찾을 수 없습니다. 디버그 정보가 없는 것처럼 개체를 링크합니다.
Common.lib(bn_mp_lcm.obj) : warning LNK4099: '' PDB를 'Common.lib(bn_mp_lcm.obj)' 또는 ''에서 찾을 수 없습니다. 디버그 정보가 없는 것처럼 개체를 링크합니다.
Common.lib(bn_mp_montgomery_setup.obj) : warning LNK4099: '' PDB를 'Common.lib(bn_mp_montgomery_setup.obj)' 또는 ''에서 찾을 수 없습니다. 디버그 정보가 없는 것처럼 개체를 링크합니다.
Common.lib(bn_mp_montgomery_calc_normalization.obj) : warning LNK4099: '' PDB를 'Common.lib(bn_mp_montgomery_calc_normalization.obj)' 또는 ''에서 찾을 수 없습니다. 디버그 정보가 없는 것처럼 개체를 링크합니다.
Common.lib(bn_mp_montgomery_reduce.obj) : warning LNK4099: '' PDB를 'Common.lib(bn_mp_montgomery_reduce.obj)' 또는 ''에서 찾을 수 없습니다. 디버그 정보가 없는 것처럼 개체를 링크합니다.
Common.lib(bn_mp_exptmod.obj) : warning LNK4099: '' PDB를 'Common.lib(bn_mp_exptmod.obj)' 또는 ''에서 찾을 수 없습니다. 디버그 정보가 없는 것처럼 개체를 링크합니다.
Common.lib(bn_mp_prime_is_prime.obj) : warning LNK4099: '' PDB를 'Common.lib(bn_mp_prime_is_prime.obj)' 또는 ''에서 찾을 수 없습니다. 디버그 정보가 없는 것처럼 개체를 링크합니다.
Common.lib(bn_mp_count_bits.obj) : warning LNK4099: '' PDB를 'Common.lib(bn_mp_count_bits.obj)' 또는 ''에서 찾을 수 없습니다. 디버그 정보가 없는 것처럼 개체를 링크합니다.
Common.lib(bn_mp_unsigned_bin_size.obj) : warning LNK4099: '' PDB를 'Common.lib(bn_mp_unsigned_bin_size.obj)' 또는 ''에서 찾을 수 없습니다. 디버그 정보가 없는 것처럼 개체를 링크합니다.
Common.lib(bn_mp_read_unsigned_bin.obj) : warning LNK4099: '' PDB를 'Common.lib(bn_mp_read_unsigned_bin.obj)' 또는 ''에서 찾을 수 없습니다. 디버그 정보가 없는 것처럼 개체를 링크합니다.
Common.lib(bn_mp_to_unsigned_bin.obj) : warning LNK4099: '' PDB를 'Common.lib(bn_mp_to_unsigned_bin.obj)' 또는 ''에서 찾을 수 없습니다. 디버그 정보가 없는 것처럼 개체를 링크합니다.
Common.lib(bn_mp_read_radix.obj) : warning LNK4099: '' PDB를 'Common.lib(bn_mp_read_radix.obj)' 또는 ''에서 찾을 수 없습니다. 디버그 정보가 없는 것처럼 개체를 링크합니다.
Common.lib(bn_mp_toradix.obj) : warning LNK4099: '' PDB를 'Common.lib(bn_mp_toradix.obj)' 또는 ''에서 찾을 수 없습니다. 디버그 정보가 없는 것처럼 개체를 링크합니다.
Common.lib(localcharset.obj) : warning LNK4099: '' PDB를 'Common.lib(localcharset.obj)' 또는 ''에서 찾을 수 없습니다. 디버그 정보가 없는 것처럼 개체를 링크합니다.
Common.lib(adler32.obj) : warning LNK4099: '' PDB를 'Common.lib(adler32.obj)' 또는 ''에서 찾을 수 없습니다. 디버그 정보가 없는 것처럼 개체를 링크합니다.
Common.lib(crc32.obj) : warning LNK4099: '' PDB를 'Common.lib(crc32.obj)' 또는 ''에서 찾을 수 없습니다. 디버그 정보가 없는 것처럼 개체를 링크합니다.
Common.lib(zutil.obj) : warning LNK4099: '' PDB를 'Common.lib(zutil.obj)' 또는 ''에서 찾을 수 없습니다. 디버그 정보가 없는 것처럼 개체를 링크합니다.
Common.lib(trees.obj) : warning LNK4099: '' PDB를 'Common.lib(trees.obj)' 또는 ''에서 찾을 수 없습니다. 디버그 정보가 없는 것처럼 개체를 링크합니다.
Common.lib(inftrees.obj) : warning LNK4099: '' PDB를 'Common.lib(inftrees.obj)' 또는 ''에서 찾을 수 없습니다. 디버그 정보가 없는 것처럼 개체를 링크합니다.
Common.lib(inffast.obj) : warning LNK4099: '' PDB를 'Common.lib(inffast.obj)' 또는 ''에서 찾을 수 없습니다. 디버그 정보가 없는 것처럼 개체를 링크합니다.
Common.lib(hash_memory.obj) : warning LNK4099: '' PDB를 'Common.lib(hash_memory.obj)' 또는 ''에서 찾을 수 없습니다. 디버그 정보가 없는 것처럼 개체를 링크합니다.
Common.lib(pkcs_1_mgf1.obj) : warning LNK4099: '' PDB를 'Common.lib(pkcs_1_mgf1.obj)' 또는 ''에서 찾을 수 없습니다. 디버그 정보가 없는 것처럼 개체를 링크합니다.
Common.lib(der_encode_sequence_ex.obj) : warning LNK4099: '' PDB를 'Common.lib(der_encode_sequence_ex.obj)' 또는 ''에서 찾을 수 없습니다. 디버그 정보가 없는 것처럼 개체를 링크합니다.
Common.lib(der_length_sequence.obj) : warning LNK4099: '' PDB를 'Common.lib(der_length_sequence.obj)' 또는 ''에서 찾을 수 없습니다. 디버그 정보가 없는 것처럼 개체를 링크합니다.
Common.lib(der_length_boolean.obj) : warning LNK4099: '' PDB를 'Common.lib(der_length_boolean.obj)' 또는 ''에서 찾을 수 없습니다. 디버그 정보가 없는 것처럼 개체를 링크합니다.
Common.lib(der_decode_boolean.obj) : warning LNK4099: '' PDB를 'Common.lib(der_decode_boolean.obj)' 또는 ''에서 찾을 수 없습니다. 디버그 정보가 없는 것처럼 개체를 링크합니다.
Common.lib(der_decode_integer.obj) : warning LNK4099: '' PDB를 'Common.lib(der_decode_integer.obj)' 또는 ''에서 찾을 수 없습니다. 디버그 정보가 없는 것처럼 개체를 링크합니다.
Common.lib(der_length_integer.obj) : warning LNK4099: '' PDB를 'Common.lib(der_length_integer.obj)' 또는 ''에서 찾을 수 없습니다. 디버그 정보가 없는 것처럼 개체를 링크합니다.
Common.lib(der_decode_short_integer.obj) : warning LNK4099: '' PDB를 'Common.lib(der_decode_short_integer.obj)' 또는 ''에서 찾을 수 없습니다. 디버그 정보가 없는 것처럼 개체를 링크합니다.
Common.lib(der_length_short_integer.obj) : warning LNK4099: '' PDB를 'Common.lib(der_length_short_integer.obj)' 또는 ''에서 찾을 수 없습니다. 디버그 정보가 없는 것처럼 개체를 링크합니다.
Common.lib(der_decode_bit_string.obj) : warning LNK4099: '' PDB를 'Common.lib(der_decode_bit_string.obj)' 또는 ''에서 찾을 수 없습니다. 디버그 정보가 없는 것처럼 개체를 링크합니다.
Common.lib(der_length_bit_string.obj) : warning LNK4099: '' PDB를 'Common.lib(der_length_bit_string.obj)' 또는 ''에서 찾을 수 없습니다. 디버그 정보가 없는 것처럼 개체를 링크합니다.
Common.lib(der_decode_octet_string.obj) : warning LNK4099: '' PDB를 'Common.lib(der_decode_octet_string.obj)' 또는 ''에서 찾을 수 없습니다. 디버그 정보가 없는 것처럼 개체를 링크합니다.
Common.lib(der_length_octet_string.obj) : warning LNK4099: '' PDB를 'Common.lib(der_length_octet_string.obj)' 또는 ''에서 찾을 수 없습니다. 디버그 정보가 없는 것처럼 개체를 링크합니다.
Common.lib(der_decode_object_identifier.obj) : warning LNK4099: '' PDB를 'Common.lib(der_decode_object_identifier.obj)' 또는 ''에서 찾을 수 없습니다. 디버그 정보가 없는 것처럼 개체를 링크합니다.
Common.lib(der_length_object_identifier.obj) : warning LNK4099: '' PDB를 'Common.lib(der_length_object_identifier.obj)' 또는 ''에서 찾을 수 없습니다. 디버그 정보가 없는 것처럼 개체를 링크합니다.
Common.lib(der_decode_ia5_string.obj) : warning LNK4099: '' PDB를 'Common.lib(der_decode_ia5_string.obj)' 또는 ''에서 찾을 수 없습니다. 디버그 정보가 없는 것처럼 개체를 링크합니다.
Common.lib(der_length_ia5_string.obj) : warning LNK4099: '' PDB를 'Common.lib(der_length_ia5_string.obj)' 또는 ''에서 찾을 수 없습니다. 디버그 정보가 없는 것처럼 개체를 링크합니다.
Common.lib(der_decode_printable_string.obj) : warning LNK4099: '' PDB를 'Common.lib(der_decode_printable_string.obj)' 또는 ''에서 찾을 수 없습니다. 디버그 정보가 없는 것처럼 개체를 링크합니다.
Common.lib(der_length_printable_string.obj) : warning LNK4099: '' PDB를 'Common.lib(der_length_printable_string.obj)' 또는 ''에서 찾을 수 없습니다. 디버그 정보가 없는 것처럼 개체를 링크합니다.
Common.lib(der_decode_utf8_string.obj) : warning LNK4099: '' PDB를 'Common.lib(der_decode_utf8_string.obj)' 또는 ''에서 찾을 수 없습니다. 디버그 정보가 없는 것처럼 개체를 링크합니다.
Common.lib(der_length_utf8_string.obj) : warning LNK4099: '' PDB를 'Common.lib(der_length_utf8_string.obj)' 또는 ''에서 찾을 수 없습니다. 디버그 정보가 없는 것처럼 개체를 링크합니다.
Common.lib(der_decode_choice.obj) : warning LNK4099: '' PDB를 'Common.lib(der_decode_choice.obj)' 또는 ''에서 찾을 수 없습니다. 디버그 정보가 없는 것처럼 개체를 링크합니다.
Common.lib(der_decode_utctime.obj) : warning LNK4099: '' PDB를 'Common.lib(der_decode_utctime.obj)' 또는 ''에서 찾을 수 없습니다. 디버그 정보가 없는 것처럼 개체를 링크합니다.
Common.lib(bn_mp_zero.obj) : warning LNK4099: '' PDB를 'Common.lib(bn_mp_zero.obj)' 또는 ''에서 찾을 수 없습니다. 디버그 정보가 없는 것처럼 개체를 링크합니다.
Common.lib(bn_mp_clamp.obj) : warning LNK4099: '' PDB를 'Common.lib(bn_mp_clamp.obj)' 또는 ''에서 찾을 수 없습니다. 디버그 정보가 없는 것처럼 개체를 링크합니다.
Common.lib(bn_mp_mul_2d.obj) : warning LNK4099: '' PDB를 'Common.lib(bn_mp_mul_2d.obj)' 또는 ''에서 찾을 수 없습니다. 디버그 정보가 없는 것처럼 개체를 링크합니다.
Common.lib(bn_mp_grow.obj) : warning LNK4099: '' PDB를 'Common.lib(bn_mp_grow.obj)' 또는 ''에서 찾을 수 없습니다. 디버그 정보가 없는 것처럼 개체를 링크합니다.
Common.lib(bn_mp_cmp_mag.obj) : warning LNK4099: '' PDB를 'Common.lib(bn_mp_cmp_mag.obj)' 또는 ''에서 찾을 수 없습니다. 디버그 정보가 없는 것처럼 개체를 링크합니다.
Common.lib(bn_s_mp_add.obj) : warning LNK4099: '' PDB를 'Common.lib(bn_s_mp_add.obj)' 또는 ''에서 찾을 수 없습니다. 디버그 정보가 없는 것처럼 개체를 링크합니다.
Common.lib(bn_s_mp_sub.obj) : warning LNK4099: '' PDB를 'Common.lib(bn_s_mp_sub.obj)' 또는 ''에서 찾을 수 없습니다. 디버그 정보가 없는 것처럼 개체를 링크합니다.
Common.lib(bn_fast_s_mp_mul_digs.obj) : warning LNK4099: '' PDB를 'Common.lib(bn_fast_s_mp_mul_digs.obj)' 또는 ''에서 찾을 수 없습니다. 디버그 정보가 없는 것처럼 개체를 링크합니다.
Common.lib(bn_s_mp_mul_digs.obj) : warning LNK4099: '' PDB를 'Common.lib(bn_s_mp_mul_digs.obj)' 또는 ''에서 찾을 수 없습니다. 디버그 정보가 없는 것처럼 개체를 링크합니다.
Common.lib(bn_mp_karatsuba_mul.obj) : warning LNK4099: '' PDB를 'Common.lib(bn_mp_karatsuba_mul.obj)' 또는 ''에서 찾을 수 없습니다. 디버그 정보가 없는 것처럼 개체를 링크합니다.
Common.lib(bn_mp_toom_mul.obj) : warning LNK4099: '' PDB를 'Common.lib(bn_mp_toom_mul.obj)' 또는 ''에서 찾을 수 없습니다. 디버그 정보가 없는 것처럼 개체를 링크합니다.
Common.lib(bncore.obj) : warning LNK4099: '' PDB를 'Common.lib(bncore.obj)' 또는 ''에서 찾을 수 없습니다. 디버그 정보가 없는 것처럼 개체를 링크합니다.
Common.lib(bn_fast_s_mp_sqr.obj) : warning LNK4099: '' PDB를 'Common.lib(bn_fast_s_mp_sqr.obj)' 또는 ''에서 찾을 수 없습니다. 디버그 정보가 없는 것처럼 개체를 링크합니다.
Common.lib(bn_s_mp_sqr.obj) : warning LNK4099: '' PDB를 'Common.lib(bn_s_mp_sqr.obj)' 또는 ''에서 찾을 수 없습니다. 디버그 정보가 없는 것처럼 개체를 링크합니다.
Common.lib(bn_mp_karatsuba_sqr.obj) : warning LNK4099: '' PDB를 'Common.lib(bn_mp_karatsuba_sqr.obj)' 또는 ''에서 찾을 수 없습니다. 디버그 정보가 없는 것처럼 개체를 링크합니다.
Common.lib(bn_mp_toom_sqr.obj) : warning LNK4099: '' PDB를 'Common.lib(bn_mp_toom_sqr.obj)' 또는 ''에서 찾을 수 없습니다. 디버그 정보가 없는 것처럼 개체를 링크합니다.
Common.lib(bn_mp_exch.obj) : warning LNK4099: '' PDB를 'Common.lib(bn_mp_exch.obj)' 또는 ''에서 찾을 수 없습니다. 디버그 정보가 없는 것처럼 개체를 링크합니다.
Common.lib(bn_mp_init_size.obj) : warning LNK4099: '' PDB를 'Common.lib(bn_mp_init_size.obj)' 또는 ''에서 찾을 수 없습니다. 디버그 정보가 없는 것처럼 개체를 링크합니다.
Common.lib(bn_mp_init_copy.obj) : warning LNK4099: '' PDB를 'Common.lib(bn_mp_init_copy.obj)' 또는 ''에서 찾을 수 없습니다. 디버그 정보가 없는 것처럼 개체를 링크합니다.
Common.lib(bn_mp_rshd.obj) : warning LNK4099: '' PDB를 'Common.lib(bn_mp_rshd.obj)' 또는 ''에서 찾을 수 없습니다. 디버그 정보가 없는 것처럼 개체를 링크합니다.
Common.lib(bn_mp_lshd.obj) : warning LNK4099: '' PDB를 'Common.lib(bn_mp_lshd.obj)' 또는 ''에서 찾을 수 없습니다. 디버그 정보가 없는 것처럼 개체를 링크합니다.
Common.lib(bn_mp_div_2d.obj) : warning LNK4099: '' PDB를 'Common.lib(bn_mp_div_2d.obj)' 또는 ''에서 찾을 수 없습니다. 디버그 정보가 없는 것처럼 개체를 링크합니다.
Common.lib(bn_mp_div_d.obj) : warning LNK4099: '' PDB를 'Common.lib(bn_mp_div_d.obj)' 또는 ''에서 찾을 수 없습니다. 디버그 정보가 없는 것처럼 개체를 링크합니다.
Common.lib(bn_mp_mod.obj) : warning LNK4099: '' PDB를 'Common.lib(bn_mp_mod.obj)' 또는 ''에서 찾을 수 없습니다. 디버그 정보가 없는 것처럼 개체를 링크합니다.
Common.lib(bn_fast_mp_invmod.obj) : warning LNK4099: '' PDB를 'Common.lib(bn_fast_mp_invmod.obj)' 또는 ''에서 찾을 수 없습니다. 디버그 정보가 없는 것처럼 개체를 링크합니다.
Common.lib(bn_mp_invmod_slow.obj) : warning LNK4099: '' PDB를 'Common.lib(bn_mp_invmod_slow.obj)' 또는 ''에서 찾을 수 없습니다. 디버그 정보가 없는 것처럼 개체를 링크합니다.
Common.lib(bn_mp_abs.obj) : warning LNK4099: '' PDB를 'Common.lib(bn_mp_abs.obj)' 또는 ''에서 찾을 수 없습니다. 디버그 정보가 없는 것처럼 개체를 링크합니다.
Common.lib(bn_mp_init_multi.obj) : warning LNK4099: '' PDB를 'Common.lib(bn_mp_init_multi.obj)' 또는 ''에서 찾을 수 없습니다. 디버그 정보가 없는 것처럼 개체를 링크합니다.
Common.lib(bn_mp_clear_multi.obj) : warning LNK4099: '' PDB를 'Common.lib(bn_mp_clear_multi.obj)' 또는 ''에서 찾을 수 없습니다. 디버그 정보가 없는 것처럼 개체를 링크합니다.
Common.lib(bn_mp_set.obj) : warning LNK4099: '' PDB를 'Common.lib(bn_mp_set.obj)' 또는 ''에서 찾을 수 없습니다. 디버그 정보가 없는 것처럼 개체를 링크합니다.
Common.lib(bn_mp_mul_2.obj) : warning LNK4099: '' PDB를 'Common.lib(bn_mp_mul_2.obj)' 또는 ''에서 찾을 수 없습니다. 디버그 정보가 없는 것처럼 개체를 링크합니다.
Common.lib(bn_fast_mp_montgomery_reduce.obj) : warning LNK4099: '' PDB를 'Common.lib(bn_fast_mp_montgomery_reduce.obj)' 또는 ''에서 찾을 수 없습니다. 디버그 정보가 없는 것처럼 개체를 링크합니다.
Common.lib(bn_mp_dr_is_modulus.obj) : warning LNK4099: '' PDB를 'Common.lib(bn_mp_dr_is_modulus.obj)' 또는 ''에서 찾을 수 없습니다. 디버그 정보가 없는 것처럼 개체를 링크합니다.
Common.lib(bn_mp_reduce_is_2k.obj) : warning LNK4099: '' PDB를 'Common.lib(bn_mp_reduce_is_2k.obj)' 또는 ''에서 찾을 수 없습니다. 디버그 정보가 없는 것처럼 개체를 링크합니다.
Common.lib(bn_mp_reduce_is_2k_l.obj) : warning LNK4099: '' PDB를 'Common.lib(bn_mp_reduce_is_2k_l.obj)' 또는 ''에서 찾을 수 없습니다. 디버그 정보가 없는 것처럼 개체를 링크합니다.
Common.lib(bn_mp_exptmod_fast.obj) : warning LNK4099: '' PDB를 'Common.lib(bn_mp_exptmod_fast.obj)' 또는 ''에서 찾을 수 없습니다. 디버그 정보가 없는 것처럼 개체를 링크합니다.
Common.lib(bn_s_mp_exptmod.obj) : warning LNK4099: '' PDB를 'Common.lib(bn_s_mp_exptmod.obj)' 또는 ''에서 찾을 수 없습니다. 디버그 정보가 없는 것처럼 개체를 링크합니다.
Common.lib(bn_mp_prime_is_divisible.obj) : warning LNK4099: '' PDB를 'Common.lib(bn_mp_prime_is_divisible.obj)' 또는 ''에서 찾을 수 없습니다. 디버그 정보가 없는 것처럼 개체를 링크합니다.
Common.lib(bn_mp_prime_miller_rabin.obj) : warning LNK4099: '' PDB를 'Common.lib(bn_mp_prime_miller_rabin.obj)' 또는 ''에서 찾을 수 없습니다. 디버그 정보가 없는 것처럼 개체를 링크합니다.
Common.lib(bn_prime_tab.obj) : warning LNK4099: '' PDB를 'Common.lib(bn_prime_tab.obj)' 또는 ''에서 찾을 수 없습니다. 디버그 정보가 없는 것처럼 개체를 링크합니다.
Common.lib(bn_reverse.obj) : warning LNK4099: '' PDB를 'Common.lib(bn_reverse.obj)' 또는 ''에서 찾을 수 없습니다. 디버그 정보가 없는 것처럼 개체를 링크합니다.
Common.lib(bn_mp_radix_smap.obj) : warning LNK4099: '' PDB를 'Common.lib(bn_mp_radix_smap.obj)' 또는 ''에서 찾을 수 없습니다. 디버그 정보가 없는 것처럼 개체를 링크합니다.
Common.lib(der_encode_set.obj) : warning LNK4099: '' PDB를 'Common.lib(der_encode_set.obj)' 또는 ''에서 찾을 수 없습니다. 디버그 정보가 없는 것처럼 개체를 링크합니다.
Common.lib(der_encode_setof.obj) : warning LNK4099: '' PDB를 'Common.lib(der_encode_setof.obj)' 또는 ''에서 찾을 수 없습니다. 디버그 정보가 없는 것처럼 개체를 링크합니다.
Common.lib(der_encode_boolean.obj) : warning LNK4099: '' PDB를 'Common.lib(der_encode_boolean.obj)' 또는 ''에서 찾을 수 없습니다. 디버그 정보가 없는 것처럼 개체를 링크합니다.
Common.lib(der_encode_integer.obj) : warning LNK4099: '' PDB를 'Common.lib(der_encode_integer.obj)' 또는 ''에서 찾을 수 없습니다. 디버그 정보가 없는 것처럼 개체를 링크합니다.
Common.lib(der_encode_short_integer.obj) : warning LNK4099: '' PDB를 'Common.lib(der_encode_short_integer.obj)' 또는 ''에서 찾을 수 없습니다. 디버그 정보가 없는 것처럼 개체를 링크합니다.
Common.lib(der_encode_bit_string.obj) : warning LNK4099: '' PDB를 'Common.lib(der_encode_bit_string.obj)' 또는 ''에서 찾을 수 없습니다. 디버그 정보가 없는 것처럼 개체를 링크합니다.
Common.lib(der_encode_octet_string.obj) : warning LNK4099: '' PDB를 'Common.lib(der_encode_octet_string.obj)' 또는 ''에서 찾을 수 없습니다. 디버그 정보가 없는 것처럼 개체를 링크합니다.
Common.lib(der_encode_object_identifier.obj) : warning LNK4099: '' PDB를 'Common.lib(der_encode_object_identifier.obj)' 또는 ''에서 찾을 수 없습니다. 디버그 정보가 없는 것처럼 개체를 링크합니다.
Common.lib(der_encode_ia5_string.obj) : warning LNK4099: '' PDB를 'Common.lib(der_encode_ia5_string.obj)' 또는 ''에서 찾을 수 없습니다. 디버그 정보가 없는 것처럼 개체를 링크합니다.
Common.lib(der_encode_printable_string.obj) : warning LNK4099: '' PDB를 'Common.lib(der_encode_printable_string.obj)' 또는 ''에서 찾을 수 없습니다. 디버그 정보가 없는 것처럼 개체를 링크합니다.
Common.lib(der_encode_utf8_string.obj) : warning LNK4099: '' PDB를 'Common.lib(der_encode_utf8_string.obj)' 또는 ''에서 찾을 수 없습니다. 디버그 정보가 없는 것처럼 개체를 링크합니다.
Common.lib(der_encode_utctime.obj) : warning LNK4099: '' PDB를 'Common.lib(der_encode_utctime.obj)' 또는 ''에서 찾을 수 없습니다. 디버그 정보가 없는 것처럼 개체를 링크합니다.
Common.lib(der_length_utctime.obj) : warning LNK4099: '' PDB를 'Common.lib(der_length_utctime.obj)' 또는 ''에서 찾을 수 없습니다. 디버그 정보가 없는 것처럼 개체를 링크합니다.
Common.lib(bn_mp_mod_2d.obj) : warning LNK4099: '' PDB를 'Common.lib(bn_mp_mod_2d.obj)' 또는 ''에서 찾을 수 없습니다. 디버그 정보가 없는 것처럼 개체를 링크합니다.
Common.lib(bn_mp_div_3.obj) : warning LNK4099: '' PDB를 'Common.lib(bn_mp_div_3.obj)' 또는 ''에서 찾을 수 없습니다. 디버그 정보가 없는 것처럼 개체를 링크합니다.
Common.lib(bn_mp_dr_setup.obj) : warning LNK4099: '' PDB를 'Common.lib(bn_mp_dr_setup.obj)' 또는 ''에서 찾을 수 없습니다. 디버그 정보가 없는 것처럼 개체를 링크합니다.
Common.lib(bn_mp_dr_reduce.obj) : warning LNK4099: '' PDB를 'Common.lib(bn_mp_dr_reduce.obj)' 또는 ''에서 찾을 수 없습니다. 디버그 정보가 없는 것처럼 개체를 링크합니다.
Common.lib(bn_mp_reduce_2k_setup.obj) : warning LNK4099: '' PDB를 'Common.lib(bn_mp_reduce_2k_setup.obj)' 또는 ''에서 찾을 수 없습니다. 디버그 정보가 없는 것처럼 개체를 링크합니다.
Common.lib(bn_mp_reduce_2k.obj) : warning LNK4099: '' PDB를 'Common.lib(bn_mp_reduce_2k.obj)' 또는 ''에서 찾을 수 없습니다. 디버그 정보가 없는 것처럼 개체를 링크합니다.
Common.lib(bn_mp_reduce_setup.obj) : warning LNK4099: '' PDB를 'Common.lib(bn_mp_reduce_setup.obj)' 또는 ''에서 찾을 수 없습니다. 디버그 정보가 없는 것처럼 개체를 링크합니다.
Common.lib(bn_mp_reduce.obj) : warning LNK4099: '' PDB를 'Common.lib(bn_mp_reduce.obj)' 또는 ''에서 찾을 수 없습니다. 디버그 정보가 없는 것처럼 개체를 링크합니다.
Common.lib(bn_mp_reduce_2k_setup_l.obj) : warning LNK4099: '' PDB를 'Common.lib(bn_mp_reduce_2k_setup_l.obj)' 또는 ''에서 찾을 수 없습니다. 디버그 정보가 없는 것처럼 개체를 링크합니다.
Common.lib(bn_mp_reduce_2k_l.obj) : warning LNK4099: '' PDB를 'Common.lib(bn_mp_reduce_2k_l.obj)' 또는 ''에서 찾을 수 없습니다. 디버그 정보가 없는 것처럼 개체를 링크합니다.
Common.lib(bn_s_mp_mul_high_digs.obj) : warning LNK4099: '' PDB를 'Common.lib(bn_s_mp_mul_high_digs.obj)' 또는 ''에서 찾을 수 없습니다. 디버그 정보가 없는 것처럼 개체를 링크합니다.
Common.lib(bn_fast_s_mp_mul_high_digs.obj) : warning LNK4099: '' PDB를 'Common.lib(bn_fast_s_mp_mul_high_digs.obj)' 또는 ''에서 찾을 수 없습니다. 디버그 정보가 없는 것처럼 개체를 링크합니다.
ProudNetServer.lib(ServerUnityBuild006.obj) : warning LNK4099: '' PDB를 'ProudNetServer.lib(ServerUnityBuild006.obj)' 또는 ''에서 찾을 수 없습니다. 디버그 정보가 없는 것처럼 개체를 링크합니다.
ProudNetServer.lib(ServerUnityBuild001.obj) : warning LNK4099: '' PDB를 'ProudNetServer.lib(ServerUnityBuild001.obj)' 또는 ''에서 찾을 수 없습니다. 디버그 정보가 없는 것처럼 개체를 링크합니다.
ProudNetServer.lib(ServerUnityBuild005.obj) : warning LNK4099: '' PDB를 'ProudNetServer.lib(ServerUnityBuild005.obj)' 또는 ''에서 찾을 수 없습니다. 디버그 정보가 없는 것처럼 개체를 링크합니다.
ProudNetServer.lib(ServerUnityBuild004.obj) : warning LNK4099: '' PDB를 'ProudNetServer.lib(ServerUnityBuild004.obj)' 또는 ''에서 찾을 수 없습니다. 디버그 정보가 없는 것처럼 개체를 링크합니다.
ProudNetServer.lib(ex_data.obj) : warning LNK4099: '' PDB를 'ProudNetServer.lib(ex_data.obj)' 또는 ''에서 찾을 수 없습니다. 디버그 정보가 없는 것처럼 개체를 링크합니다.
ProudNetServer.lib(cryptlib.obj) : warning LNK4099: '' PDB를 'ProudNetServer.lib(cryptlib.obj)' 또는 ''에서 찾을 수 없습니다. 디버그 정보가 없는 것처럼 개체를 링크합니다.
ProudNetServer.lib(bio_lib.obj) : warning LNK4099: '' PDB를 'ProudNetServer.lib(bio_lib.obj)' 또는 ''에서 찾을 수 없습니다. 디버그 정보가 없는 것처럼 개체를 링크합니다.
ProudNetServer.lib(c_all.obj) : warning LNK4099: '' PDB를 'ProudNetServer.lib(c_all.obj)' 또는 ''에서 찾을 수 없습니다. 디버그 정보가 없는 것처럼 개체를 링크합니다.
ProudNetServer.lib(names.obj) : warning LNK4099: '' PDB를 'ProudNetServer.lib(names.obj)' 또는 ''에서 찾을 수 없습니다. 디버그 정보가 없는 것처럼 개체를 링크합니다.
ProudNetServer.lib(conf_mod.obj) : warning LNK4099: '' PDB를 'ProudNetServer.lib(conf_mod.obj)' 또는 ''에서 찾을 수 없습니다. 디버그 정보가 없는 것처럼 개체를 링크합니다.
ProudNetServer.lib(ssl_err2.obj) : warning LNK4099: '' PDB를 'ProudNetServer.lib(ssl_err2.obj)' 또는 ''에서 찾을 수 없습니다. 디버그 정보가 없는 것처럼 개체를 링크합니다.
ProudNetServer.lib(ssl_lib.obj) : warning LNK4099: '' PDB를 'ProudNetServer.lib(ssl_lib.obj)' 또는 ''에서 찾을 수 없습니다. 디버그 정보가 없는 것처럼 개체를 링크합니다.
ProudNetServer.lib(ssl_algs.obj) : warning LNK4099: '' PDB를 'ProudNetServer.lib(ssl_algs.obj)' 또는 ''에서 찾을 수 없습니다. 디버그 정보가 없는 것처럼 개체를 링크합니다.
ProudNetServer.lib(ssl_ciph.obj) : warning LNK4099: '' PDB를 'ProudNetServer.lib(ssl_ciph.obj)' 또는 ''에서 찾을 수 없습니다. 디버그 정보가 없는 것처럼 개체를 링크합니다.
ProudNetServer.lib(err.obj) : warning LNK4099: '' PDB를 'ProudNetServer.lib(err.obj)' 또는 ''에서 찾을 수 없습니다. 디버그 정보가 없는 것처럼 개체를 링크합니다.
ProudNetServer.lib(eng_lib.obj) : warning LNK4099: '' PDB를 'ProudNetServer.lib(eng_lib.obj)' 또는 ''에서 찾을 수 없습니다. 디버그 정보가 없는 것처럼 개체를 링크합니다.
ProudNetServer.lib(stdafx.obj) : warning LNK4099: '' PDB를 'ProudNetServer.lib(stdafx.obj)' 또는 ''에서 찾을 수 없습니다. 디버그 정보가 없는 것처럼 개체를 링크합니다.
ProudNetServer.lib(ServerUnityBuild007.obj) : warning LNK4099: '' PDB를 'ProudNetServer.lib(ServerUnityBuild007.obj)' 또는 ''에서 찾을 수 없습니다. 디버그 정보가 없는 것처럼 개체를 링크합니다.
ProudNetServer.lib(ServerUnityBuild003.obj) : warning LNK4099: '' PDB를 'ProudNetServer.lib(ServerUnityBuild003.obj)' 또는 ''에서 찾을 수 없습니다. 디버그 정보가 없는 것처럼 개체를 링크합니다.
ProudNetServer.lib(ServerUnityBuild008.obj) : warning LNK4099: '' PDB를 'ProudNetServer.lib(ServerUnityBuild008.obj)' 또는 ''에서 찾을 수 없습니다. 디버그 정보가 없는 것처럼 개체를 링크합니다.
ProudNetServer.lib(ServerUnityBuild002.obj) : warning LNK4099: '' PDB를 'ProudNetServer.lib(ServerUnityBuild002.obj)' 또는 ''에서 찾을 수 없습니다. 디버그 정보가 없는 것처럼 개체를 링크합니다.
ProudNetServer.lib(stack.obj) : warning LNK4099: '' PDB를 'ProudNetServer.lib(stack.obj)' 또는 ''에서 찾을 수 없습니다. 디버그 정보가 없는 것처럼 개체를 링크합니다.
ProudNetServer.lib(mem.obj) : warning LNK4099: '' PDB를 'ProudNetServer.lib(mem.obj)' 또는 ''에서 찾을 수 없습니다. 디버그 정보가 없는 것처럼 개체를 링크합니다.
ProudNetServer.lib(lhash.obj) : warning LNK4099: '' PDB를 'ProudNetServer.lib(lhash.obj)' 또는 ''에서 찾을 수 없습니다. 디버그 정보가 없는 것처럼 개체를 링크합니다.
ProudNetServer.lib(o_init.obj) : warning LNK4099: '' PDB를 'ProudNetServer.lib(o_init.obj)' 또는 ''에서 찾을 수 없습니다. 디버그 정보가 없는 것처럼 개체를 링크합니다.
ProudNetServer.lib(buf_str.obj) : warning LNK4099: '' PDB를 'ProudNetServer.lib(buf_str.obj)' 또는 ''에서 찾을 수 없습니다. 디버그 정보가 없는 것처럼 개체를 링크합니다.
ProudNetServer.lib(c_allc.obj) : warning LNK4099: '' PDB를 'ProudNetServer.lib(c_allc.obj)' 또는 ''에서 찾을 수 없습니다. 디버그 정보가 없는 것처럼 개체를 링크합니다.
ProudNetServer.lib(c_alld.obj) : warning LNK4099: '' PDB를 'ProudNetServer.lib(c_alld.obj)' 또는 ''에서 찾을 수 없습니다. 디버그 정보가 없는 것처럼 개체를 링크합니다.
ProudNetServer.lib(o_names.obj) : warning LNK4099: '' PDB를 'ProudNetServer.lib(o_names.obj)' 또는 ''에서 찾을 수 없습니다. 디버그 정보가 없는 것처럼 개체를 링크합니다.
ProudNetServer.lib(obj_dat.obj) : warning LNK4099: '' PDB를 'ProudNetServer.lib(obj_dat.obj)' 또는 ''에서 찾을 수 없습니다. 디버그 정보가 없는 것처럼 개체를 링크합니다.
ProudNetServer.lib(obj_xref.obj) : warning LNK4099: '' PDB를 'ProudNetServer.lib(obj_xref.obj)' 또는 ''에서 찾을 수 없습니다. 디버그 정보가 없는 것처럼 개체를 링크합니다.
ProudNetServer.lib(evp_pbe.obj) : warning LNK4099: '' PDB를 'ProudNetServer.lib(evp_pbe.obj)' 또는 ''에서 찾을 수 없습니다. 디버그 정보가 없는 것처럼 개체를 링크합니다.
ProudNetServer.lib(b_print.obj) : warning LNK4099: '' PDB를 'ProudNetServer.lib(b_print.obj)' 또는 ''에서 찾을 수 없습니다. 디버그 정보가 없는 것처럼 개체를 링크합니다.
ProudNetServer.lib(conf_lib.obj) : warning LNK4099: '' PDB를 'ProudNetServer.lib(conf_lib.obj)' 또는 ''에서 찾을 수 없습니다. 디버그 정보가 없는 것처럼 개체를 링크합니다.
ProudNetServer.lib(dso_lib.obj) : warning LNK4099: '' PDB를 'ProudNetServer.lib(dso_lib.obj)' 또는 ''에서 찾을 수 없습니다. 디버그 정보가 없는 것처럼 개체를 링크합니다.
ProudNetServer.lib(x509_def.obj) : warning LNK4099: '' PDB를 'ProudNetServer.lib(x509_def.obj)' 또는 ''에서 찾을 수 없습니다. 디버그 정보가 없는 것처럼 개체를 링크합니다.
ProudNetServer.lib(err_all.obj) : warning LNK4099: '' PDB를 'ProudNetServer.lib(err_all.obj)' 또는 ''에서 찾을 수 없습니다. 디버그 정보가 없는 것처럼 개체를 링크합니다.
ProudNetServer.lib(ssl_err.obj) : warning LNK4099: '' PDB를 'ProudNetServer.lib(ssl_err.obj)' 또는 ''에서 찾을 수 없습니다. 디버그 정보가 없는 것처럼 개체를 링크합니다.
ProudNetServer.lib(buffer.obj) : warning LNK4099: '' PDB를 'ProudNetServer.lib(buffer.obj)' 또는 ''에서 찾을 수 없습니다. 디버그 정보가 없는 것처럼 개체를 링크합니다.
ProudNetServer.lib(comp_lib.obj) : warning LNK4099: '' PDB를 'ProudNetServer.lib(comp_lib.obj)' 또는 ''에서 찾을 수 없습니다. 디버그 정보가 없는 것처럼 개체를 링크합니다.
ProudNetServer.lib(bss_sock.obj) : warning LNK4099: '' PDB를 'ProudNetServer.lib(bss_sock.obj)' 또는 ''에서 찾을 수 없습니다. 디버그 정보가 없는 것처럼 개체를 링크합니다.
ProudNetServer.lib(bf_buff.obj) : warning LNK4099: '' PDB를 'ProudNetServer.lib(bf_buff.obj)' 또는 ''에서 찾을 수 없습니다. 디버그 정보가 없는 것처럼 개체를 링크합니다.
ProudNetServer.lib(rsa_crpt.obj) : warning LNK4099: '' PDB를 'ProudNetServer.lib(rsa_crpt.obj)' 또는 ''에서 찾을 수 없습니다. 디버그 정보가 없는 것처럼 개체를 링크합니다.
ProudNetServer.lib(dh_lib.obj) : warning LNK4099: '' PDB를 'ProudNetServer.lib(dh_lib.obj)' 또는 ''에서 찾을 수 없습니다. 디버그 정보가 없는 것처럼 개체를 링크합니다.
ProudNetServer.lib(digest.obj) : warning LNK4099: '' PDB를 'ProudNetServer.lib(digest.obj)' 또는 ''에서 찾을 수 없습니다. 디버그 정보가 없는 것처럼 개체를 링크합니다.
ProudNetServer.lib(evp_enc.obj) : warning LNK4099: '' PDB를 'ProudNetServer.lib(evp_enc.obj)' 또는 ''에서 찾을 수 없습니다. 디버그 정보가 없는 것처럼 개체를 링크합니다.
ProudNetServer.lib(p_lib.obj) : warning LNK4099: '' PDB를 'ProudNetServer.lib(p_lib.obj)' 또는 ''에서 찾을 수 없습니다. 디버그 정보가 없는 것처럼 개체를 링크합니다.
ProudNetServer.lib(x509_lu.obj) : warning LNK4099: '' PDB를 'ProudNetServer.lib(x509_lu.obj)' 또는 ''에서 찾을 수 없습니다. 디버그 정보가 없는 것처럼 개체를 링크합니다.
ProudNetServer.lib(x509_d2.obj) : warning LNK4099: '' PDB를 'ProudNetServer.lib(x509_d2.obj)' 또는 ''에서 찾을 수 없습니다. 디버그 정보가 없는 것처럼 개체를 링크합니다.
ProudNetServer.lib(x509_vpm.obj) : warning LNK4099: '' PDB를 'ProudNetServer.lib(x509_vpm.obj)' 또는 ''에서 찾을 수 없습니다. 디버그 정보가 없는 것처럼 개체를 링크합니다.
ProudNetServer.lib(x_name.obj) : warning LNK4099: '' PDB를 'ProudNetServer.lib(x_name.obj)' 또는 ''에서 찾을 수 없습니다. 디버그 정보가 없는 것처럼 개체를 링크합니다.
ProudNetServer.lib(x_exten.obj) : warning LNK4099: '' PDB를 'ProudNetServer.lib(x_exten.obj)' 또는 ''에서 찾을 수 없습니다. 디버그 정보가 없는 것처럼 개체를 링크합니다.
ProudNetServer.lib(x_x509.obj) : warning LNK4099: '' PDB를 'ProudNetServer.lib(x_x509.obj)' 또는 ''에서 찾을 수 없습니다. 디버그 정보가 없는 것처럼 개체를 링크합니다.
ProudNetServer.lib(x509_cmp.obj) : warning LNK4099: '' PDB를 'ProudNetServer.lib(x509_cmp.obj)' 또는 ''에서 찾을 수 없습니다. 디버그 정보가 없는 것처럼 개체를 링크합니다.
ProudNetServer.lib(tls_srp.obj) : warning LNK4099: '' PDB를 'ProudNetServer.lib(tls_srp.obj)' 또는 ''에서 찾을 수 없습니다. 디버그 정보가 없는 것처럼 개체를 링크합니다.
ProudNetServer.lib(ssl_sess.obj) : warning LNK4099: '' PDB를 'ProudNetServer.lib(ssl_sess.obj)' 또는 ''에서 찾을 수 없습니다. 디버그 정보가 없는 것처럼 개체를 링크합니다.
ProudNetServer.lib(ssl_cert.obj) : warning LNK4099: '' PDB를 'ProudNetServer.lib(ssl_cert.obj)' 또는 ''에서 찾을 수 없습니다. 디버그 정보가 없는 것처럼 개체를 링크합니다.
ProudNetServer.lib(s3_pkt.obj) : warning LNK4099: '' PDB를 'ProudNetServer.lib(s3_pkt.obj)' 또는 ''에서 찾을 수 없습니다. 디버그 정보가 없는 것처럼 개체를 링크합니다.
ProudNetServer.lib(t1_lib.obj) : warning LNK4099: '' PDB를 'ProudNetServer.lib(t1_lib.obj)' 또는 ''에서 찾을 수 없습니다. 디버그 정보가 없는 것처럼 개체를 링크합니다.
ProudNetServer.lib(v3_purp.obj) : warning LNK4099: '' PDB를 'ProudNetServer.lib(v3_purp.obj)' 또는 ''에서 찾을 수 없습니다. 디버그 정보가 없는 것처럼 개체를 링크합니다.
ProudNetServer.lib(rand_lib.obj) : warning LNK4099: '' PDB를 'ProudNetServer.lib(rand_lib.obj)' 또는 ''에서 찾을 수 없습니다. 디버그 정보가 없는 것처럼 개체를 링크합니다.
ProudNetServer.lib(ocsp_asn.obj) : warning LNK4099: '' PDB를 'ProudNetServer.lib(ocsp_asn.obj)' 또는 ''에서 찾을 수 없습니다. 디버그 정보가 없는 것처럼 개체를 링크합니다.
ProudNetServer.lib(eng_init.obj) : warning LNK4099: '' PDB를 'ProudNetServer.lib(eng_init.obj)' 또는 ''에서 찾을 수 없습니다. 디버그 정보가 없는 것처럼 개체를 링크합니다.
ProudNetServer.lib(m_md5.obj) : warning LNK4099: '' PDB를 'ProudNetServer.lib(m_md5.obj)' 또는 ''에서 찾을 수 없습니다. 디버그 정보가 없는 것처럼 개체를 링크합니다.
ProudNetServer.lib(m_sha1.obj) : warning LNK4099: '' PDB를 'ProudNetServer.lib(m_sha1.obj)' 또는 ''에서 찾을 수 없습니다. 디버그 정보가 없는 것처럼 개체를 링크합니다.
ProudNetServer.lib(m_dss1.obj) : warning LNK4099: '' PDB를 'ProudNetServer.lib(m_dss1.obj)' 또는 ''에서 찾을 수 없습니다. 디버그 정보가 없는 것처럼 개체를 링크합니다.
ProudNetServer.lib(m_ecdsa.obj) : warning LNK4099: '' PDB를 'ProudNetServer.lib(m_ecdsa.obj)' 또는 ''에서 찾을 수 없습니다. 디버그 정보가 없는 것처럼 개체를 링크합니다.
ProudNetServer.lib(e_des.obj) : warning LNK4099: '' PDB를 'ProudNetServer.lib(e_des.obj)' 또는 ''에서 찾을 수 없습니다. 디버그 정보가 없는 것처럼 개체를 링크합니다.
ProudNetServer.lib(e_des3.obj) : warning LNK4099: '' PDB를 'ProudNetServer.lib(e_des3.obj)' 또는 ''에서 찾을 수 없습니다. 디버그 정보가 없는 것처럼 개체를 링크합니다.
ProudNetServer.lib(e_rc4.obj) : warning LNK4099: '' PDB를 'ProudNetServer.lib(e_rc4.obj)' 또는 ''에서 찾을 수 없습니다. 디버그 정보가 없는 것처럼 개체를 링크합니다.
ProudNetServer.lib(e_idea.obj) : warning LNK4099: '' PDB를 'ProudNetServer.lib(e_idea.obj)' 또는 ''에서 찾을 수 없습니다. 디버그 정보가 없는 것처럼 개체를 링크합니다.
ProudNetServer.lib(e_rc2.obj) : warning LNK4099: '' PDB를 'ProudNetServer.lib(e_rc2.obj)' 또는 ''에서 찾을 수 없습니다. 디버그 정보가 없는 것처럼 개체를 링크합니다.
ProudNetServer.lib(e_aes.obj) : warning LNK4099: '' PDB를 'ProudNetServer.lib(e_aes.obj)' 또는 ''에서 찾을 수 없습니다. 디버그 정보가 없는 것처럼 개체를 링크합니다.
ProudNetServer.lib(e_aes_cbc_hmac_sha1.obj) : warning LNK4099: '' PDB를 'ProudNetServer.lib(e_aes_cbc_hmac_sha1.obj)' 또는 ''에서 찾을 수 없습니다. 디버그 정보가 없는 것처럼 개체를 링크합니다.
ProudNetServer.lib(e_aes_cbc_hmac_sha256.obj) : warning LNK4099: '' PDB를 'ProudNetServer.lib(e_aes_cbc_hmac_sha256.obj)' 또는 ''에서 찾을 수 없습니다. 디버그 정보가 없는 것처럼 개체를 링크합니다.
ProudNetServer.lib(e_camellia.obj) : warning LNK4099: '' PDB를 'ProudNetServer.lib(e_camellia.obj)' 또는 ''에서 찾을 수 없습니다. 디버그 정보가 없는 것처럼 개체를 링크합니다.
ProudNetServer.lib(e_seed.obj) : warning LNK4099: '' PDB를 'ProudNetServer.lib(e_seed.obj)' 또는 ''에서 찾을 수 없습니다. 디버그 정보가 없는 것처럼 개체를 링크합니다.
ProudNetServer.lib(mem_dbg.obj) : warning LNK4099: '' PDB를 'ProudNetServer.lib(mem_dbg.obj)' 또는 ''에서 찾을 수 없습니다. 디버그 정보가 없는 것처럼 개체를 링크합니다.
ProudNetServer.lib(c_zlib.obj) : warning LNK4099: '' PDB를 'ProudNetServer.lib(c_zlib.obj)' 또는 ''에서 찾을 수 없습니다. 디버그 정보가 없는 것처럼 개체를 링크합니다.
ProudNetServer.lib(evp_lib.obj) : warning LNK4099: '' PDB를 'ProudNetServer.lib(evp_lib.obj)' 또는 ''에서 찾을 수 없습니다. 디버그 정보가 없는 것처럼 개체를 링크합니다.
ProudNetServer.lib(e_null.obj) : warning LNK4099: '' PDB를 'ProudNetServer.lib(e_null.obj)' 또는 ''에서 찾을 수 없습니다. 디버그 정보가 없는 것처럼 개체를 링크합니다.
ProudNetServer.lib(ameth_lib.obj) : warning LNK4099: '' PDB를 'ProudNetServer.lib(ameth_lib.obj)' 또는 ''에서 찾을 수 없습니다. 디버그 정보가 없는 것처럼 개체를 링크합니다.
ProudNetServer.lib(tb_pkmeth.obj) : warning LNK4099: '' PDB를 'ProudNetServer.lib(tb_pkmeth.obj)' 또는 ''에서 찾을 수 없습니다. 디버그 정보가 없는 것처럼 개체를 링크합니다.
ProudNetServer.lib(tb_asnmth.obj) : warning LNK4099: '' PDB를 'ProudNetServer.lib(tb_asnmth.obj)' 또는 ''에서 찾을 수 없습니다. 디버그 정보가 없는 것처럼 개체를 링크합니다.
ProudNetServer.lib(bss_mem.obj) : warning LNK4099: '' PDB를 'ProudNetServer.lib(bss_mem.obj)' 또는 ''에서 찾을 수 없습니다. 디버그 정보가 없는 것처럼 개체를 링크합니다.
ProudNetServer.lib(bss_bio.obj) : warning LNK4099: '' PDB를 'ProudNetServer.lib(bss_bio.obj)' 또는 ''에서 찾을 수 없습니다. 디버그 정보가 없는 것처럼 개체를 링크합니다.
ProudNetServer.lib(bio_b64.obj) : warning LNK4099: '' PDB를 'ProudNetServer.lib(bio_b64.obj)' 또는 ''에서 찾을 수 없습니다. 디버그 정보가 없는 것처럼 개체를 링크합니다.
ProudNetServer.lib(sha1_one.obj) : warning LNK4099: '' PDB를 'ProudNetServer.lib(sha1_one.obj)' 또는 ''에서 찾을 수 없습니다. 디버그 정보가 없는 것처럼 개체를 링크합니다.
ProudNetServer.lib(ssl_rsa.obj) : warning LNK4099: '' PDB를 'ProudNetServer.lib(ssl_rsa.obj)' 또는 ''에서 찾을 수 없습니다. 디버그 정보가 없는 것처럼 개체를 링크합니다.
ProudNetServer.lib(s3_meth.obj) : warning LNK4099: '' PDB를 'ProudNetServer.lib(s3_meth.obj)' 또는 ''에서 찾을 수 없습니다. 디버그 정보가 없는 것처럼 개체를 링크합니다.
ProudNetServer.lib(s3_srvr.obj) : warning LNK4099: '' PDB를 'ProudNetServer.lib(s3_srvr.obj)' 또는 ''에서 찾을 수 없습니다. 디버그 정보가 없는 것처럼 개체를 링크합니다.
ProudNetServer.lib(s3_clnt.obj) : warning LNK4099: '' PDB를 'ProudNetServer.lib(s3_clnt.obj)' 또는 ''에서 찾을 수 없습니다. 디버그 정보가 없는 것처럼 개체를 링크합니다.
ProudNetServer.lib(s23_meth.obj) : warning LNK4099: '' PDB를 'ProudNetServer.lib(s23_meth.obj)' 또는 ''에서 찾을 수 없습니다. 디버그 정보가 없는 것처럼 개체를 링크합니다.
ProudNetServer.lib(s23_srvr.obj) : warning LNK4099: '' PDB를 'ProudNetServer.lib(s23_srvr.obj)' 또는 ''에서 찾을 수 없습니다. 디버그 정보가 없는 것처럼 개체를 링크합니다.
ProudNetServer.lib(s23_clnt.obj) : warning LNK4099: '' PDB를 'ProudNetServer.lib(s23_clnt.obj)' 또는 ''에서 찾을 수 없습니다. 디버그 정보가 없는 것처럼 개체를 링크합니다.
ProudNetServer.lib(t1_meth.obj) : warning LNK4099: '' PDB를 'ProudNetServer.lib(t1_meth.obj)' 또는 ''에서 찾을 수 없습니다. 디버그 정보가 없는 것처럼 개체를 링크합니다.
ProudNetServer.lib(t1_srvr.obj) : warning LNK4099: '' PDB를 'ProudNetServer.lib(t1_srvr.obj)' 또는 ''에서 찾을 수 없습니다. 디버그 정보가 없는 것처럼 개체를 링크합니다.
ProudNetServer.lib(t1_clnt.obj) : warning LNK4099: '' PDB를 'ProudNetServer.lib(t1_clnt.obj)' 또는 ''에서 찾을 수 없습니다. 디버그 정보가 없는 것처럼 개체를 링크합니다.
ProudNetServer.lib(e_xcbc_d.obj) : warning LNK4099: '' PDB를 'ProudNetServer.lib(e_xcbc_d.obj)' 또는 ''에서 찾을 수 없습니다. 디버그 정보가 없는 것처럼 개체를 링크합니다.
ProudNetServer.lib(e_rc4_hmac_md5.obj) : warning LNK4099: '' PDB를 'ProudNetServer.lib(e_rc4_hmac_md5.obj)' 또는 ''에서 찾을 수 없습니다. 디버그 정보가 없는 것처럼 개체를 링크합니다.
ProudNetServer.lib(e_bf.obj) : warning LNK4099: '' PDB를 'ProudNetServer.lib(e_bf.obj)' 또는 ''에서 찾을 수 없습니다. 디버그 정보가 없는 것처럼 개체를 링크합니다.
ProudNetServer.lib(e_cast.obj) : warning LNK4099: '' PDB를 'ProudNetServer.lib(e_cast.obj)' 또는 ''에서 찾을 수 없습니다. 디버그 정보가 없는 것처럼 개체를 링크합니다.
ProudNetServer.lib(m_md4.obj) : warning LNK4099: '' PDB를 'ProudNetServer.lib(m_md4.obj)' 또는 ''에서 찾을 수 없습니다. 디버그 정보가 없는 것처럼 개체를 링크합니다.
ProudNetServer.lib(m_sha.obj) : warning LNK4099: '' PDB를 'ProudNetServer.lib(m_sha.obj)' 또는 ''에서 찾을 수 없습니다. 디버그 정보가 없는 것처럼 개체를 링크합니다.
ProudNetServer.lib(m_dss.obj) : warning LNK4099: '' PDB를 'ProudNetServer.lib(m_dss.obj)' 또는 ''에서 찾을 수 없습니다. 디버그 정보가 없는 것처럼 개체를 링크합니다.
ProudNetServer.lib(m_mdc2.obj) : warning LNK4099: '' PDB를 'ProudNetServer.lib(m_mdc2.obj)' 또는 ''에서 찾을 수 없습니다. 디버그 정보가 없는 것처럼 개체를 링크합니다.
ProudNetServer.lib(m_ripemd.obj) : warning LNK4099: '' PDB를 'ProudNetServer.lib(m_ripemd.obj)' 또는 ''에서 찾을 수 없습니다. 디버그 정보가 없는 것처럼 개체를 링크합니다.
ProudNetServer.lib(m_wp.obj) : warning LNK4099: '' PDB를 'ProudNetServer.lib(m_wp.obj)' 또는 ''에서 찾을 수 없습니다. 디버그 정보가 없는 것처럼 개체를 링크합니다.
ProudNetServer.lib(bn_lib.obj) : warning LNK4099: '' PDB를 'ProudNetServer.lib(bn_lib.obj)' 또는 ''에서 찾을 수 없습니다. 디버그 정보가 없는 것처럼 개체를 링크합니다.
ProudNetServer.lib(bn_word.obj) : warning LNK4099: '' PDB를 'ProudNetServer.lib(bn_word.obj)' 또는 ''에서 찾을 수 없습니다. 디버그 정보가 없는 것처럼 개체를 링크합니다.
ProudNetServer.lib(bn_shift.obj) : warning LNK4099: '' PDB를 'ProudNetServer.lib(bn_shift.obj)' 또는 ''에서 찾을 수 없습니다. 디버그 정보가 없는 것처럼 개체를 링크합니다.
ProudNetServer.lib(bn_print.obj) : warning LNK4099: '' PDB를 'ProudNetServer.lib(bn_print.obj)' 또는 ''에서 찾을 수 없습니다. 디버그 정보가 없는 것처럼 개체를 링크합니다.
ProudNetServer.lib(a_object.obj) : warning LNK4099: '' PDB를 'ProudNetServer.lib(a_object.obj)' 또는 ''에서 찾을 수 없습니다. 디버그 정보가 없는 것처럼 개체를 링크합니다.
ProudNetServer.lib(asn1_lib.obj) : warning LNK4099: '' PDB를 'ProudNetServer.lib(asn1_lib.obj)' 또는 ''에서 찾을 수 없습니다. 디버그 정보가 없는 것처럼 개체를 링크합니다.
ProudNetServer.lib(obj_lib.obj) : warning LNK4099: '' PDB를 'ProudNetServer.lib(obj_lib.obj)' 또는 ''에서 찾을 수 없습니다. 디버그 정보가 없는 것처럼 개체를 링크합니다.
ProudNetServer.lib(p5_crpt.obj) : warning LNK4099: '' PDB를 'ProudNetServer.lib(p5_crpt.obj)' 또는 ''에서 찾을 수 없습니다. 디버그 정보가 없는 것처럼 개체를 링크합니다.
ProudNetServer.lib(p5_crpt2.obj) : warning LNK4099: '' PDB를 'ProudNetServer.lib(p5_crpt2.obj)' 또는 ''에서 찾을 수 없습니다. 디버그 정보가 없는 것처럼 개체를 링크합니다.
ProudNetServer.lib(p12_crpt.obj) : warning LNK4099: '' PDB를 'ProudNetServer.lib(p12_crpt.obj)' 또는 ''에서 찾을 수 없습니다. 디버그 정보가 없는 것처럼 개체를 링크합니다.
ProudNetServer.lib(bss_file.obj) : warning LNK4099: '' PDB를 'ProudNetServer.lib(bss_file.obj)' 또는 ''에서 찾을 수 없습니다. 디버그 정보가 없는 것처럼 개체를 링크합니다.
ProudNetServer.lib(conf_def.obj) : warning LNK4099: '' PDB를 'ProudNetServer.lib(conf_def.obj)' 또는 ''에서 찾을 수 없습니다. 디버그 정보가 없는 것처럼 개체를 링크합니다.
ProudNetServer.lib(conf_api.obj) : warning LNK4099: '' PDB를 'ProudNetServer.lib(conf_api.obj)' 또는 ''에서 찾을 수 없습니다. 디버그 정보가 없는 것처럼 개체를 링크합니다.
ProudNetServer.lib(dso_openssl.obj) : warning LNK4099: '' PDB를 'ProudNetServer.lib(dso_openssl.obj)' 또는 ''에서 찾을 수 없습니다. 디버그 정보가 없는 것처럼 개체를 링크합니다.
ProudNetServer.lib(cpt_err.obj) : warning LNK4099: '' PDB를 'ProudNetServer.lib(cpt_err.obj)' 또는 ''에서 찾을 수 없습니다. 디버그 정보가 없는 것처럼 개체를 링크합니다.
ProudNetServer.lib(bio_err.obj) : warning LNK4099: '' PDB를 'ProudNetServer.lib(bio_err.obj)' 또는 ''에서 찾을 수 없습니다. 디버그 정보가 없는 것처럼 개체를 링크합니다.
ProudNetServer.lib(bn_err.obj) : warning LNK4099: '' PDB를 'ProudNetServer.lib(bn_err.obj)' 또는 ''에서 찾을 수 없습니다. 디버그 정보가 없는 것처럼 개체를 링크합니다.
ProudNetServer.lib(asn1_err.obj) : warning LNK4099: '' PDB를 'ProudNetServer.lib(asn1_err.obj)' 또는 ''에서 찾을 수 없습니다. 디버그 정보가 없는 것처럼 개체를 링크합니다.
ProudNetServer.lib(ec_err.obj) : warning LNK4099: '' PDB를 'ProudNetServer.lib(ec_err.obj)' 또는 ''에서 찾을 수 없습니다. 디버그 정보가 없는 것처럼 개체를 링크합니다.
ProudNetServer.lib(buf_err.obj) : warning LNK4099: '' PDB를 'ProudNetServer.lib(buf_err.obj)' 또는 ''에서 찾을 수 없습니다. 디버그 정보가 없는 것처럼 개체를 링크합니다.
ProudNetServer.lib(comp_err.obj) : warning LNK4099: '' PDB를 'ProudNetServer.lib(comp_err.obj)' 또는 ''에서 찾을 수 없습니다. 디버그 정보가 없는 것처럼 개체를 링크합니다.
ProudNetServer.lib(rsa_err.obj) : warning LNK4099: '' PDB를 'ProudNetServer.lib(rsa_err.obj)' 또는 ''에서 찾을 수 없습니다. 디버그 정보가 없는 것처럼 개체를 링크합니다.
ProudNetServer.lib(dh_err.obj) : warning LNK4099: '' PDB를 'ProudNetServer.lib(dh_err.obj)' 또는 ''에서 찾을 수 없습니다. 디버그 정보가 없는 것처럼 개체를 링크합니다.
ProudNetServer.lib(dsa_err.obj) : warning LNK4099: '' PDB를 'ProudNetServer.lib(dsa_err.obj)' 또는 ''에서 찾을 수 없습니다. 디버그 정보가 없는 것처럼 개체를 링크합니다.
ProudNetServer.lib(ecs_err.obj) : warning LNK4099: '' PDB를 'ProudNetServer.lib(ecs_err.obj)' 또는 ''에서 찾을 수 없습니다. 디버그 정보가 없는 것처럼 개체를 링크합니다.
ProudNetServer.lib(ech_err.obj) : warning LNK4099: '' PDB를 'ProudNetServer.lib(ech_err.obj)' 또는 ''에서 찾을 수 없습니다. 디버그 정보가 없는 것처럼 개체를 링크합니다.
ProudNetServer.lib(obj_err.obj) : warning LNK4099: '' PDB를 'ProudNetServer.lib(obj_err.obj)' 또는 ''에서 찾을 수 없습니다. 디버그 정보가 없는 것처럼 개체를 링크합니다.
ProudNetServer.lib(evp_err.obj) : warning LNK4099: '' PDB를 'ProudNetServer.lib(evp_err.obj)' 또는 ''에서 찾을 수 없습니다. 디버그 정보가 없는 것처럼 개체를 링크합니다.
ProudNetServer.lib(pem_err.obj) : warning LNK4099: '' PDB를 'ProudNetServer.lib(pem_err.obj)' 또는 ''에서 찾을 수 없습니다. 디버그 정보가 없는 것처럼 개체를 링크합니다.
ProudNetServer.lib(pkcs7err.obj) : warning LNK4099: '' PDB를 'ProudNetServer.lib(pkcs7err.obj)' 또는 ''에서 찾을 수 없습니다. 디버그 정보가 없는 것처럼 개체를 링크합니다.
ProudNetServer.lib(x509_err.obj) : warning LNK4099: '' PDB를 'ProudNetServer.lib(x509_err.obj)' 또는 ''에서 찾을 수 없습니다. 디버그 정보가 없는 것처럼 개체를 링크합니다.
ProudNetServer.lib(conf_err.obj) : warning LNK4099: '' PDB를 'ProudNetServer.lib(conf_err.obj)' 또는 ''에서 찾을 수 없습니다. 디버그 정보가 없는 것처럼 개체를 링크합니다.
ProudNetServer.lib(v3err.obj) : warning LNK4099: '' PDB를 'ProudNetServer.lib(v3err.obj)' 또는 ''에서 찾을 수 없습니다. 디버그 정보가 없는 것처럼 개체를 링크합니다.
ProudNetServer.lib(pk12err.obj) : warning LNK4099: '' PDB를 'ProudNetServer.lib(pk12err.obj)' 또는 ''에서 찾을 수 없습니다. 디버그 정보가 없는 것처럼 개체를 링크합니다.
ProudNetServer.lib(rand_err.obj) : warning LNK4099: '' PDB를 'ProudNetServer.lib(rand_err.obj)' 또는 ''에서 찾을 수 없습니다. 디버그 정보가 없는 것처럼 개체를 링크합니다.
ProudNetServer.lib(dso_err.obj) : warning LNK4099: '' PDB를 'ProudNetServer.lib(dso_err.obj)' 또는 ''에서 찾을 수 없습니다. 디버그 정보가 없는 것처럼 개체를 링크합니다.
ProudNetServer.lib(ui_err.obj) : warning LNK4099: '' PDB를 'ProudNetServer.lib(ui_err.obj)' 또는 ''에서 찾을 수 없습니다. 디버그 정보가 없는 것처럼 개체를 링크합니다.
ProudNetServer.lib(eng_err.obj) : warning LNK4099: '' PDB를 'ProudNetServer.lib(eng_err.obj)' 또는 ''에서 찾을 수 없습니다. 디버그 정보가 없는 것처럼 개체를 링크합니다.
ProudNetServer.lib(ocsp_err.obj) : warning LNK4099: '' PDB를 'ProudNetServer.lib(ocsp_err.obj)' 또는 ''에서 찾을 수 없습니다. 디버그 정보가 없는 것처럼 개체를 링크합니다.
ProudNetServer.lib(ts_err.obj) : warning LNK4099: '' PDB를 'ProudNetServer.lib(ts_err.obj)' 또는 ''에서 찾을 수 없습니다. 디버그 정보가 없는 것처럼 개체를 링크합니다.
ProudNetServer.lib(cms_err.obj) : warning LNK4099: '' PDB를 'ProudNetServer.lib(cms_err.obj)' 또는 ''에서 찾을 수 없습니다. 디버그 정보가 없는 것처럼 개체를 링크합니다.
ProudNetServer.lib(bn_ctx.obj) : warning LNK4099: '' PDB를 'ProudNetServer.lib(bn_ctx.obj)' 또는 ''에서 찾을 수 없습니다. 디버그 정보가 없는 것처럼 개체를 링크합니다.
ProudNetServer.lib(bn_add.obj) : warning LNK4099: '' PDB를 'ProudNetServer.lib(bn_add.obj)' 또는 ''에서 찾을 수 없습니다. 디버그 정보가 없는 것처럼 개체를 링크합니다.
ProudNetServer.lib(bn_mul.obj) : warning LNK4099: '' PDB를 'ProudNetServer.lib(bn_mul.obj)' 또는 ''에서 찾을 수 없습니다. 디버그 정보가 없는 것처럼 개체를 링크합니다.
ProudNetServer.lib(bn_gcd.obj) : warning LNK4099: '' PDB를 'ProudNetServer.lib(bn_gcd.obj)' 또는 ''에서 찾을 수 없습니다. 디버그 정보가 없는 것처럼 개체를 링크합니다.
ProudNetServer.lib(bn_blind.obj) : warning LNK4099: '' PDB를 'ProudNetServer.lib(bn_blind.obj)' 또는 ''에서 찾을 수 없습니다. 디버그 정보가 없는 것처럼 개체를 링크합니다.
ProudNetServer.lib(dh_key.obj) : warning LNK4099: '' PDB를 'ProudNetServer.lib(dh_key.obj)' 또는 ''에서 찾을 수 없습니다. 디버그 정보가 없는 것처럼 개체를 링크합니다.
ProudNetServer.lib(tb_dh.obj) : warning LNK4099: '' PDB를 'ProudNetServer.lib(tb_dh.obj)' 또는 ''에서 찾을 수 없습니다. 디버그 정보가 없는 것처럼 개체를 링크합니다.
ProudNetServer.lib(pmeth_lib.obj) : warning LNK4099: '' PDB를 'ProudNetServer.lib(pmeth_lib.obj)' 또는 ''에서 찾을 수 없습니다. 디버그 정보가 없는 것처럼 개체를 링크합니다.
ProudNetServer.lib(tb_digest.obj) : warning LNK4099: '' PDB를 'ProudNetServer.lib(tb_digest.obj)' 또는 ''에서 찾을 수 없습니다. 디버그 정보가 없는 것처럼 개체를 링크합니다.
ProudNetServer.lib(tb_cipher.obj) : warning LNK4099: '' PDB를 'ProudNetServer.lib(tb_cipher.obj)' 또는 ''에서 찾을 수 없습니다. 디버그 정보가 없는 것처럼 개체를 링크합니다.
ProudNetServer.lib(ec_key.obj) : warning LNK4099: '' PDB를 'ProudNetServer.lib(ec_key.obj)' 또는 ''에서 찾을 수 없습니다. 디버그 정보가 없는 것처럼 개체를 링크합니다.
ProudNetServer.lib(rsa_lib.obj) : warning LNK4099: '' PDB를 'ProudNetServer.lib(rsa_lib.obj)' 또는 ''에서 찾을 수 없습니다. 디버그 정보가 없는 것처럼 개체를 링크합니다.
ProudNetServer.lib(dsa_lib.obj) : warning LNK4099: '' PDB를 'ProudNetServer.lib(dsa_lib.obj)' 또는 ''에서 찾을 수 없습니다. 디버그 정보가 없는 것처럼 개체를 링크합니다.
ProudNetServer.lib(x_attrib.obj) : warning LNK4099: '' PDB를 'ProudNetServer.lib(x_attrib.obj)' 또는 ''에서 찾을 수 없습니다. 디버그 정보가 없는 것처럼 개체를 링크합니다.
ProudNetServer.lib(x_crl.obj) : warning LNK4099: '' PDB를 'ProudNetServer.lib(x_crl.obj)' 또는 ''에서 찾을 수 없습니다. 디버그 정보가 없는 것처럼 개체를 링크합니다.
ProudNetServer.lib(by_dir.obj) : warning LNK4099: '' PDB를 'ProudNetServer.lib(by_dir.obj)' 또는 ''에서 찾을 수 없습니다. 디버그 정보가 없는 것처럼 개체를 링크합니다.
ProudNetServer.lib(by_file.obj) : warning LNK4099: '' PDB를 'ProudNetServer.lib(by_file.obj)' 또는 ''에서 찾을 수 없습니다. 디버그 정보가 없는 것처럼 개체를 링크합니다.
ProudNetServer.lib(x509_trs.obj) : warning LNK4099: '' PDB를 'ProudNetServer.lib(x509_trs.obj)' 또는 ''에서 찾을 수 없습니다. 디버그 정보가 없는 것처럼 개체를 링크합니다.
ProudNetServer.lib(v3_utl.obj) : warning LNK4099: '' PDB를 'ProudNetServer.lib(v3_utl.obj)' 또는 ''에서 찾을 수 없습니다. 디버그 정보가 없는 것처럼 개체를 링크합니다.
ProudNetServer.lib(tasn_typ.obj) : warning LNK4099: '' PDB를 'ProudNetServer.lib(tasn_typ.obj)' 또는 ''에서 찾을 수 없습니다. 디버그 정보가 없는 것처럼 개체를 링크합니다.
ProudNetServer.lib(tasn_dec.obj) : warning LNK4099: '' PDB를 'ProudNetServer.lib(tasn_dec.obj)' 또는 ''에서 찾을 수 없습니다. 디버그 정보가 없는 것처럼 개체를 링크합니다.
ProudNetServer.lib(a_dup.obj) : warning LNK4099: '' PDB를 'ProudNetServer.lib(a_dup.obj)' 또는 ''에서 찾을 수 없습니다. 디버그 정보가 없는 것처럼 개체를 링크합니다.
ProudNetServer.lib(a_strex.obj) : warning LNK4099: '' PDB를 'ProudNetServer.lib(a_strex.obj)' 또는 ''에서 찾을 수 없습니다. 디버그 정보가 없는 것처럼 개체를 링크합니다.
ProudNetServer.lib(tasn_new.obj) : warning LNK4099: '' PDB를 'ProudNetServer.lib(tasn_new.obj)' 또는 ''에서 찾을 수 없습니다. 디버그 정보가 없는 것처럼 개체를 링크합니다.
ProudNetServer.lib(tasn_fre.obj) : warning LNK4099: '' PDB를 'ProudNetServer.lib(tasn_fre.obj)' 또는 ''에서 찾을 수 없습니다. 디버그 정보가 없는 것처럼 개체를 링크합니다.
ProudNetServer.lib(tasn_enc.obj) : warning LNK4099: '' PDB를 'ProudNetServer.lib(tasn_enc.obj)' 또는 ''에서 찾을 수 없습니다. 디버그 정보가 없는 것처럼 개체를 링크합니다.
ProudNetServer.lib(x_algor.obj) : warning LNK4099: '' PDB를 'ProudNetServer.lib(x_algor.obj)' 또는 ''에서 찾을 수 없습니다. 디버그 정보가 없는 것처럼 개체를 링크합니다.
ProudNetServer.lib(x_val.obj) : warning LNK4099: '' PDB를 'ProudNetServer.lib(x_val.obj)' 또는 ''에서 찾을 수 없습니다. 디버그 정보가 없는 것처럼 개체를 링크합니다.
ProudNetServer.lib(x_pubkey.obj) : warning LNK4099: '' PDB를 'ProudNetServer.lib(x_pubkey.obj)' 또는 ''에서 찾을 수 없습니다. 디버그 정보가 없는 것처럼 개체를 링크합니다.
ProudNetServer.lib(x_x509a.obj) : warning LNK4099: '' PDB를 'ProudNetServer.lib(x_x509a.obj)' 또는 ''에서 찾을 수 없습니다. 디버그 정보가 없는 것처럼 개체를 링크합니다.
ProudNetServer.lib(x509_obj.obj) : warning LNK4099: '' PDB를 'ProudNetServer.lib(x509_obj.obj)' 또는 ''에서 찾을 수 없습니다. 디버그 정보가 없는 것처럼 개체를 링크합니다.
ProudNetServer.lib(v3_akeya.obj) : warning LNK4099: '' PDB를 'ProudNetServer.lib(v3_akeya.obj)' 또는 ''에서 찾을 수 없습니다. 디버그 정보가 없는 것처럼 개체를 링크합니다.
ProudNetServer.lib(v3_genn.obj) : warning LNK4099: '' PDB를 'ProudNetServer.lib(v3_genn.obj)' 또는 ''에서 찾을 수 없습니다. 디버그 정보가 없는 것처럼 개체를 링크합니다.
ProudNetServer.lib(v3_crld.obj) : warning LNK4099: '' PDB를 'ProudNetServer.lib(v3_crld.obj)' 또는 ''에서 찾을 수 없습니다. 디버그 정보가 없는 것처럼 개체를 링크합니다.
ProudNetServer.lib(v3_ncons.obj) : warning LNK4099: '' PDB를 'ProudNetServer.lib(v3_ncons.obj)' 또는 ''에서 찾을 수 없습니다. 디버그 정보가 없는 것처럼 개체를 링크합니다.
ProudNetServer.lib(pcy_cache.obj) : warning LNK4099: '' PDB를 'ProudNetServer.lib(pcy_cache.obj)' 또는 ''에서 찾을 수 없습니다. 디버그 정보가 없는 것처럼 개체를 링크합니다.
ProudNetServer.lib(a_int.obj) : warning LNK4099: '' PDB를 'ProudNetServer.lib(a_int.obj)' 또는 ''에서 찾을 수 없습니다. 디버그 정보가 없는 것처럼 개체를 링크합니다.
ProudNetServer.lib(ec_lib.obj) : warning LNK4099: '' PDB를 'ProudNetServer.lib(ec_lib.obj)' 또는 ''에서 찾을 수 없습니다. 디버그 정보가 없는 것처럼 개체를 링크합니다.
ProudNetServer.lib(s3_lib.obj) : warning LNK4099: '' PDB를 'ProudNetServer.lib(s3_lib.obj)' 또는 ''에서 찾을 수 없습니다. 디버그 정보가 없는 것처럼 개체를 링크합니다.
ProudNetServer.lib(srp_vfy.obj) : warning LNK4099: '' PDB를 'ProudNetServer.lib(srp_vfy.obj)' 또는 ''에서 찾을 수 없습니다. 디버그 정보가 없는 것처럼 개체를 링크합니다.
ProudNetServer.lib(srp_lib.obj) : warning LNK4099: '' PDB를 'ProudNetServer.lib(srp_lib.obj)' 또는 ''에서 찾을 수 없습니다. 디버그 정보가 없는 것처럼 개체를 링크합니다.
ProudNetServer.lib(eng_pkey.obj) : warning LNK4099: '' PDB를 'ProudNetServer.lib(eng_pkey.obj)' 또는 ''에서 찾을 수 없습니다. 디버그 정보가 없는 것처럼 개체를 링크합니다.
ProudNetServer.lib(pem_oth.obj) : warning LNK4099: '' PDB를 'ProudNetServer.lib(pem_oth.obj)' 또는 ''에서 찾을 수 없습니다. 디버그 정보가 없는 것처럼 개체를 링크합니다.
ProudNetServer.lib(pem_lib.obj) : warning LNK4099: '' PDB를 'ProudNetServer.lib(pem_lib.obj)' 또는 ''에서 찾을 수 없습니다. 디버그 정보가 없는 것처럼 개체를 링크합니다.
ProudNetServer.lib(ssl_asn1.obj) : warning LNK4099: '' PDB를 'ProudNetServer.lib(ssl_asn1.obj)' 또는 ''에서 찾을 수 없습니다. 디버그 정보가 없는 것처럼 개체를 링크합니다.
ProudNetServer.lib(o_dir.obj) : warning LNK4099: '' PDB를 'ProudNetServer.lib(o_dir.obj)' 또는 ''에서 찾을 수 없습니다. 디버그 정보가 없는 것처럼 개체를 링크합니다.
ProudNetServer.lib(dh_ameth.obj) : warning LNK4099: '' PDB를 'ProudNetServer.lib(dh_ameth.obj)' 또는 ''에서 찾을 수 없습니다. 디버그 정보가 없는 것처럼 개체를 링크합니다.
ProudNetServer.lib(x509_vfy.obj) : warning LNK4099: '' PDB를 'ProudNetServer.lib(x509_vfy.obj)' 또는 ''에서 찾을 수 없습니다. 디버그 정보가 없는 것처럼 개체를 링크합니다.
ProudNetServer.lib(x509_txt.obj) : warning LNK4099: '' PDB를 'ProudNetServer.lib(x509_txt.obj)' 또는 ''에서 찾을 수 없습니다. 디버그 정보가 없는 것처럼 개체를 링크합니다.
ProudNetServer.lib(pem_x509.obj) : warning LNK4099: '' PDB를 'ProudNetServer.lib(pem_x509.obj)' 또는 ''에서 찾을 수 없습니다. 디버그 정보가 없는 것처럼 개체를 링크합니다.
ProudNetServer.lib(t1_ext.obj) : warning LNK4099: '' PDB를 'ProudNetServer.lib(t1_ext.obj)' 또는 ''에서 찾을 수 없습니다. 디버그 정보가 없는 것처럼 개체를 링크합니다.
ProudNetServer.lib(s3_both.obj) : warning LNK4099: '' PDB를 'ProudNetServer.lib(s3_both.obj)' 또는 ''에서 찾을 수 없습니다. 디버그 정보가 없는 것처럼 개체를 링크합니다.
ProudNetServer.lib(s3_cbc.obj) : warning LNK4099: '' PDB를 'ProudNetServer.lib(s3_cbc.obj)' 또는 ''에서 찾을 수 없습니다. 디버그 정보가 없는 것처럼 개체를 링크합니다.
ProudNetServer.lib(t1_enc.obj) : warning LNK4099: '' PDB를 'ProudNetServer.lib(t1_enc.obj)' 또는 ''에서 찾을 수 없습니다. 디버그 정보가 없는 것처럼 개체를 링크합니다.
ProudNetServer.lib(hmac.obj) : warning LNK4099: '' PDB를 'ProudNetServer.lib(hmac.obj)' 또는 ''에서 찾을 수 없습니다. 디버그 정보가 없는 것처럼 개체를 링크합니다.
ProudNetServer.lib(ec_curve.obj) : warning LNK4099: '' PDB를 'ProudNetServer.lib(ec_curve.obj)' 또는 ''에서 찾을 수 없습니다. 디버그 정보가 없는 것처럼 개체를 링크합니다.
ProudNetServer.lib(x509type.obj) : warning LNK4099: '' PDB를 'ProudNetServer.lib(x509type.obj)' 또는 ''에서 찾을 수 없습니다. 디버그 정보가 없는 것처럼 개체를 링크합니다.
ProudNetServer.lib(d1_srtp.obj) : warning LNK4099: '' PDB를 'ProudNetServer.lib(d1_srtp.obj)' 또는 ''에서 찾을 수 없습니다. 디버그 정보가 없는 것처럼 개체를 링크합니다.
ProudNetServer.lib(t1_reneg.obj) : warning LNK4099: '' PDB를 'ProudNetServer.lib(t1_reneg.obj)' 또는 ''에서 찾을 수 없습니다. 디버그 정보가 없는 것처럼 개체를 링크합니다.
ProudNetServer.lib(a_octet.obj) : warning LNK4099: '' PDB를 'ProudNetServer.lib(a_octet.obj)' 또는 ''에서 찾을 수 없습니다. 디버그 정보가 없는 것처럼 개체를 링크합니다.
ProudNetServer.lib(x_all.obj) : warning LNK4099: '' PDB를 'ProudNetServer.lib(x_all.obj)' 또는 ''에서 찾을 수 없습니다. 디버그 정보가 없는 것처럼 개체를 링크합니다.
ProudNetServer.lib(x509_ext.obj) : warning LNK4099: '' PDB를 'ProudNetServer.lib(x509_ext.obj)' 또는 ''에서 찾을 수 없습니다. 디버그 정보가 없는 것처럼 개체를 링크합니다.
ProudNetServer.lib(x509_v3.obj) : warning LNK4099: '' PDB를 'ProudNetServer.lib(x509_v3.obj)' 또는 ''에서 찾을 수 없습니다. 디버그 정보가 없는 것처럼 개체를 링크합니다.
ProudNetServer.lib(v3_pcia.obj) : warning LNK4099: '' PDB를 'ProudNetServer.lib(v3_pcia.obj)' 또는 ''에서 찾을 수 없습니다. 디버그 정보가 없는 것처럼 개체를 링크합니다.
ProudNetServer.lib(v3_bcons.obj) : warning LNK4099: '' PDB를 'ProudNetServer.lib(v3_bcons.obj)' 또는 ''에서 찾을 수 없습니다. 디버그 정보가 없는 것처럼 개체를 링크합니다.
ProudNetServer.lib(md_rand.obj) : warning LNK4099: '' PDB를 'ProudNetServer.lib(md_rand.obj)' 또는 ''에서 찾을 수 없습니다. 디버그 정보가 없는 것처럼 개체를 링크합니다.
ProudNetServer.lib(tb_rand.obj) : warning LNK4099: '' PDB를 'ProudNetServer.lib(tb_rand.obj)' 또는 ''에서 찾을 수 없습니다. 디버그 정보가 없는 것처럼 개체를 링크합니다.
ProudNetServer.lib(v3_info.obj) : warning LNK4099: '' PDB를 'ProudNetServer.lib(v3_info.obj)' 또는 ''에서 찾을 수 없습니다. 디버그 정보가 없는 것처럼 개체를 링크합니다.
ProudNetServer.lib(rsa_sign.obj) : warning LNK4099: '' PDB를 'ProudNetServer.lib(rsa_sign.obj)' 또는 ''에서 찾을 수 없습니다. 디버그 정보가 없는 것처럼 개체를 링크합니다.
ProudNetServer.lib(md5_dgst.obj) : warning LNK4099: '' PDB를 'ProudNetServer.lib(md5_dgst.obj)' 또는 ''에서 찾을 수 없습니다. 디버그 정보가 없는 것처럼 개체를 링크합니다.
ProudNetServer.lib(sha1dgst.obj) : warning LNK4099: '' PDB를 'ProudNetServer.lib(sha1dgst.obj)' 또는 ''에서 찾을 수 없습니다. 디버그 정보가 없는 것처럼 개체를 링크합니다.
ProudNetServer.lib(sha256.obj) : warning LNK4099: '' PDB를 'ProudNetServer.lib(sha256.obj)' 또는 ''에서 찾을 수 없습니다. 디버그 정보가 없는 것처럼 개체를 링크합니다.
ProudNetServer.lib(sha512.obj) : warning LNK4099: '' PDB를 'ProudNetServer.lib(sha512.obj)' 또는 ''에서 찾을 수 없습니다. 디버그 정보가 없는 것처럼 개체를 링크합니다.
ProudNetServer.lib(dsa_asn1.obj) : warning LNK4099: '' PDB를 'ProudNetServer.lib(dsa_asn1.obj)' 또는 ''에서 찾을 수 없습니다. 디버그 정보가 없는 것처럼 개체를 링크합니다.
ProudNetServer.lib(ecs_sign.obj) : warning LNK4099: '' PDB를 'ProudNetServer.lib(ecs_sign.obj)' 또는 ''에서 찾을 수 없습니다. 디버그 정보가 없는 것처럼 개체를 링크합니다.
ProudNetServer.lib(ecs_vrf.obj) : warning LNK4099: '' PDB를 'ProudNetServer.lib(ecs_vrf.obj)' 또는 ''에서 찾을 수 없습니다. 디버그 정보가 없는 것처럼 개체를 링크합니다.
ProudNetServer.lib(des_enc.obj) : warning LNK4099: '' PDB를 'ProudNetServer.lib(des_enc.obj)' 또는 ''에서 찾을 수 없습니다. 디버그 정보가 없는 것처럼 개체를 링크합니다.
ProudNetServer.lib(cfb_enc.obj) : warning LNK4099: '' PDB를 'ProudNetServer.lib(cfb_enc.obj)' 또는 ''에서 찾을 수 없습니다. 디버그 정보가 없는 것처럼 개체를 링크합니다.
ProudNetServer.lib(ecb_enc.obj) : warning LNK4099: '' PDB를 'ProudNetServer.lib(ecb_enc.obj)' 또는 ''에서 찾을 수 없습니다. 디버그 정보가 없는 것처럼 개체를 링크합니다.
ProudNetServer.lib(set_key.obj) : warning LNK4099: '' PDB를 'ProudNetServer.lib(set_key.obj)' 또는 ''에서 찾을 수 없습니다. 디버그 정보가 없는 것처럼 개체를 링크합니다.
ProudNetServer.lib(cfb64enc.obj) : warning LNK4099: '' PDB를 'ProudNetServer.lib(cfb64enc.obj)' 또는 ''에서 찾을 수 없습니다. 디버그 정보가 없는 것처럼 개체를 링크합니다.
ProudNetServer.lib(ofb64enc.obj) : warning LNK4099: '' PDB를 'ProudNetServer.lib(ofb64enc.obj)' 또는 ''에서 찾을 수 없습니다. 디버그 정보가 없는 것처럼 개체를 링크합니다.
ProudNetServer.lib(ecb3_enc.obj) : warning LNK4099: '' PDB를 'ProudNetServer.lib(ecb3_enc.obj)' 또는 ''에서 찾을 수 없습니다. 디버그 정보가 없는 것처럼 개체를 링크합니다.
ProudNetServer.lib(cfb64ede.obj) : warning LNK4099: '' PDB를 'ProudNetServer.lib(cfb64ede.obj)' 또는 ''에서 찾을 수 없습니다. 디버그 정보가 없는 것처럼 개체를 링크합니다.
ProudNetServer.lib(ofb64ede.obj) : warning LNK4099: '' PDB를 'ProudNetServer.lib(ofb64ede.obj)' 또는 ''에서 찾을 수 없습니다. 디버그 정보가 없는 것처럼 개체를 링크합니다.
ProudNetServer.lib(rc4_utl.obj) : warning LNK4099: '' PDB를 'ProudNetServer.lib(rc4_utl.obj)' 또는 ''에서 찾을 수 없습니다. 디버그 정보가 없는 것처럼 개체를 링크합니다.
ProudNetServer.lib(i_ecb.obj) : warning LNK4099: '' PDB를 'ProudNetServer.lib(i_ecb.obj)' 또는 ''에서 찾을 수 없습니다. 디버그 정보가 없는 것처럼 개체를 링크합니다.
ProudNetServer.lib(i_skey.obj) : warning LNK4099: '' PDB를 'ProudNetServer.lib(i_skey.obj)' 또는 ''에서 찾을 수 없습니다. 디버그 정보가 없는 것처럼 개체를 링크합니다.
ProudNetServer.lib(i_cbc.obj) : warning LNK4099: '' PDB를 'ProudNetServer.lib(i_cbc.obj)' 또는 ''에서 찾을 수 없습니다. 디버그 정보가 없는 것처럼 개체를 링크합니다.
ProudNetServer.lib(i_cfb64.obj) : warning LNK4099: '' PDB를 'ProudNetServer.lib(i_cfb64.obj)' 또는 ''에서 찾을 수 없습니다. 디버그 정보가 없는 것처럼 개체를 링크합니다.
ProudNetServer.lib(i_ofb64.obj) : warning LNK4099: '' PDB를 'ProudNetServer.lib(i_ofb64.obj)' 또는 ''에서 찾을 수 없습니다. 디버그 정보가 없는 것처럼 개체를 링크합니다.
ProudNetServer.lib(evp_asn1.obj) : warning LNK4099: '' PDB를 'ProudNetServer.lib(evp_asn1.obj)' 또는 ''에서 찾을 수 없습니다. 디버그 정보가 없는 것처럼 개체를 링크합니다.
ProudNetServer.lib(rc2_skey.obj) : warning LNK4099: '' PDB를 'ProudNetServer.lib(rc2_skey.obj)' 또는 ''에서 찾을 수 없습니다. 디버그 정보가 없는 것처럼 개체를 링크합니다.
ProudNetServer.lib(rc2_ecb.obj) : warning LNK4099: '' PDB를 'ProudNetServer.lib(rc2_ecb.obj)' 또는 ''에서 찾을 수 없습니다. 디버그 정보가 없는 것처럼 개체를 링크합니다.
ProudNetServer.lib(rc2_cbc.obj) : warning LNK4099: '' PDB를 'ProudNetServer.lib(rc2_cbc.obj)' 또는 ''에서 찾을 수 없습니다. 디버그 정보가 없는 것처럼 개체를 링크합니다.
ProudNetServer.lib(rc2cfb64.obj) : warning LNK4099: '' PDB를 'ProudNetServer.lib(rc2cfb64.obj)' 또는 ''에서 찾을 수 없습니다. 디버그 정보가 없는 것처럼 개체를 링크합니다.
ProudNetServer.lib(rc2ofb64.obj) : warning LNK4099: '' PDB를 'ProudNetServer.lib(rc2ofb64.obj)' 또는 ''에서 찾을 수 없습니다. 디버그 정보가 없는 것처럼 개체를 링크합니다.
ProudNetServer.lib(aes_misc.obj) : warning LNK4099: '' PDB를 'ProudNetServer.lib(aes_misc.obj)' 또는 ''에서 찾을 수 없습니다. 디버그 정보가 없는 것처럼 개체를 링크합니다.
ProudNetServer.lib(cbc128.obj) : warning LNK4099: '' PDB를 'ProudNetServer.lib(cbc128.obj)' 또는 ''에서 찾을 수 없습니다. 디버그 정보가 없는 것처럼 개체를 링크합니다.
ProudNetServer.lib(ctr128.obj) : warning LNK4099: '' PDB를 'ProudNetServer.lib(ctr128.obj)' 또는 ''에서 찾을 수 없습니다. 디버그 정보가 없는 것처럼 개체를 링크합니다.
ProudNetServer.lib(ofb128.obj) : warning LNK4099: '' PDB를 'ProudNetServer.lib(ofb128.obj)' 또는 ''에서 찾을 수 없습니다. 디버그 정보가 없는 것처럼 개체를 링크합니다.
ProudNetServer.lib(cfb128.obj) : warning LNK4099: '' PDB를 'ProudNetServer.lib(cfb128.obj)' 또는 ''에서 찾을 수 없습니다. 디버그 정보가 없는 것처럼 개체를 링크합니다.
ProudNetServer.lib(gcm128.obj) : warning LNK4099: '' PDB를 'ProudNetServer.lib(gcm128.obj)' 또는 ''에서 찾을 수 없습니다. 디버그 정보가 없는 것처럼 개체를 링크합니다.
ProudNetServer.lib(ccm128.obj) : warning LNK4099: '' PDB를 'ProudNetServer.lib(ccm128.obj)' 또는 ''에서 찾을 수 없습니다. 디버그 정보가 없는 것처럼 개체를 링크합니다.
ProudNetServer.lib(xts128.obj) : warning LNK4099: '' PDB를 'ProudNetServer.lib(xts128.obj)' 또는 ''에서 찾을 수 없습니다. 디버그 정보가 없는 것처럼 개체를 링크합니다.
ProudNetServer.lib(wrap128.obj) : warning LNK4099: '' PDB를 'ProudNetServer.lib(wrap128.obj)' 또는 ''에서 찾을 수 없습니다. 디버그 정보가 없는 것처럼 개체를 링크합니다.
ProudNetServer.lib(cmll_utl.obj) : warning LNK4099: '' PDB를 'ProudNetServer.lib(cmll_utl.obj)' 또는 ''에서 찾을 수 없습니다. 디버그 정보가 없는 것처럼 개체를 링크합니다.
ProudNetServer.lib(cmll_misc.obj) : warning LNK4099: '' PDB를 'ProudNetServer.lib(cmll_misc.obj)' 또는 ''에서 찾을 수 없습니다. 디버그 정보가 없는 것처럼 개체를 링크합니다.
ProudNetServer.lib(seed.obj) : warning LNK4099: '' PDB를 'ProudNetServer.lib(seed.obj)' 또는 ''에서 찾을 수 없습니다. 디버그 정보가 없는 것처럼 개체를 링크합니다.
ProudNetServer.lib(seed_ecb.obj) : warning LNK4099: '' PDB를 'ProudNetServer.lib(seed_ecb.obj)' 또는 ''에서 찾을 수 없습니다. 디버그 정보가 없는 것처럼 개체를 링크합니다.
ProudNetServer.lib(seed_cbc.obj) : warning LNK4099: '' PDB를 'ProudNetServer.lib(seed_cbc.obj)' 또는 ''에서 찾을 수 없습니다. 디버그 정보가 없는 것처럼 개체를 링크합니다.
ProudNetServer.lib(seed_cfb.obj) : warning LNK4099: '' PDB를 'ProudNetServer.lib(seed_cfb.obj)' 또는 ''에서 찾을 수 없습니다. 디버그 정보가 없는 것처럼 개체를 링크합니다.
ProudNetServer.lib(seed_ofb.obj) : warning LNK4099: '' PDB를 'ProudNetServer.lib(seed_ofb.obj)' 또는 ''에서 찾을 수 없습니다. 디버그 정보가 없는 것처럼 개체를 링크합니다.
ProudNetServer.lib(a_type.obj) : warning LNK4099: '' PDB를 'ProudNetServer.lib(a_type.obj)' 또는 ''에서 찾을 수 없습니다. 디버그 정보가 없는 것처럼 개체를 링크합니다.
ProudNetServer.lib(rsa_ameth.obj) : warning LNK4099: '' PDB를 'ProudNetServer.lib(rsa_ameth.obj)' 또는 ''에서 찾을 수 없습니다. 디버그 정보가 없는 것처럼 개체를 링크합니다.
ProudNetServer.lib(dsa_ameth.obj) : warning LNK4099: '' PDB를 'ProudNetServer.lib(dsa_ameth.obj)' 또는 ''에서 찾을 수 없습니다. 디버그 정보가 없는 것처럼 개체를 링크합니다.
ProudNetServer.lib(ec_ameth.obj) : warning LNK4099: '' PDB를 'ProudNetServer.lib(ec_ameth.obj)' 또는 ''에서 찾을 수 없습니다. 디버그 정보가 없는 것처럼 개체를 링크합니다.
ProudNetServer.lib(hm_ameth.obj) : warning LNK4099: '' PDB를 'ProudNetServer.lib(hm_ameth.obj)' 또는 ''에서 찾을 수 없습니다. 디버그 정보가 없는 것처럼 개체를 링크합니다.
ProudNetServer.lib(cm_ameth.obj) : warning LNK4099: '' PDB를 'ProudNetServer.lib(cm_ameth.obj)' 또는 ''에서 찾을 수 없습니다. 디버그 정보가 없는 것처럼 개체를 링크합니다.
ProudNetServer.lib(eng_list.obj) : warning LNK4099: '' PDB를 'ProudNetServer.lib(eng_list.obj)' 또는 ''에서 찾을 수 없습니다. 디버그 정보가 없는 것처럼 개체를 링크합니다.
ProudNetServer.lib(eng_table.obj) : warning LNK4099: '' PDB를 'ProudNetServer.lib(eng_table.obj)' 또는 ''에서 찾을 수 없습니다. 디버그 정보가 없는 것처럼 개체를 링크합니다.
ProudNetServer.lib(encode.obj) : warning LNK4099: '' PDB를 'ProudNetServer.lib(encode.obj)' 또는 ''에서 찾을 수 없습니다. 디버그 정보가 없는 것처럼 개체를 링크합니다.
ProudNetServer.lib(rsa_asn1.obj) : warning LNK4099: '' PDB를 'ProudNetServer.lib(rsa_asn1.obj)' 또는 ''에서 찾을 수 없습니다. 디버그 정보가 없는 것처럼 개체를 링크합니다.
ProudNetServer.lib(d2i_pr.obj) : warning LNK4099: '' PDB를 'ProudNetServer.lib(d2i_pr.obj)' 또는 ''에서 찾을 수 없습니다. 디버그 정보가 없는 것처럼 개체를 링크합니다.
ProudNetServer.lib(pem_xaux.obj) : warning LNK4099: '' PDB를 'ProudNetServer.lib(pem_xaux.obj)' 또는 ''에서 찾을 수 없습니다. 디버그 정보가 없는 것처럼 개체를 링크합니다.
ProudNetServer.lib(pem_all.obj) : warning LNK4099: '' PDB를 'ProudNetServer.lib(pem_all.obj)' 또는 ''에서 찾을 수 없습니다. 디버그 정보가 없는 것처럼 개체를 링크합니다.
ProudNetServer.lib(pem_pkey.obj) : warning LNK4099: '' PDB를 'ProudNetServer.lib(pem_pkey.obj)' 또는 ''에서 찾을 수 없습니다. 디버그 정보가 없는 것처럼 개체를 링크합니다.
ProudNetServer.lib(p_sign.obj) : warning LNK4099: '' PDB를 'ProudNetServer.lib(p_sign.obj)' 또는 ''에서 찾을 수 없습니다. 디버그 정보가 없는 것처럼 개체를 링크합니다.
ProudNetServer.lib(p_verify.obj) : warning LNK4099: '' PDB를 'ProudNetServer.lib(p_verify.obj)' 또는 ''에서 찾을 수 없습니다. 디버그 정보가 없는 것처럼 개체를 링크합니다.
ProudNetServer.lib(pmeth_fn.obj) : warning LNK4099: '' PDB를 'ProudNetServer.lib(pmeth_fn.obj)' 또는 ''에서 찾을 수 없습니다. 디버그 정보가 없는 것처럼 개체를 링크합니다.
ProudNetServer.lib(ec_oct.obj) : warning LNK4099: '' PDB를 'ProudNetServer.lib(ec_oct.obj)' 또는 ''에서 찾을 수 없습니다. 디버그 정보가 없는 것처럼 개체를 링크합니다.
ProudNetServer.lib(ech_key.obj) : warning LNK4099: '' PDB를 'ProudNetServer.lib(ech_key.obj)' 또는 ''에서 찾을 수 없습니다. 디버그 정보가 없는 것처럼 개체를 링크합니다.
ProudNetServer.lib(d1_srvr.obj) : warning LNK4099: '' PDB를 'ProudNetServer.lib(d1_srvr.obj)' 또는 ''에서 찾을 수 없습니다. 디버그 정보가 없는 것처럼 개체를 링크합니다.
ProudNetServer.lib(s3_enc.obj) : warning LNK4099: '' PDB를 'ProudNetServer.lib(s3_enc.obj)' 또는 ''에서 찾을 수 없습니다. 디버그 정보가 없는 것처럼 개체를 링크합니다.
ProudNetServer.lib(d1_clnt.obj) : warning LNK4099: '' PDB를 'ProudNetServer.lib(d1_clnt.obj)' 또는 ''에서 찾을 수 없습니다. 디버그 정보가 없는 것처럼 개체를 링크합니다.
ProudNetServer.lib(s23_lib.obj) : warning LNK4099: '' PDB를 'ProudNetServer.lib(s23_lib.obj)' 또는 ''에서 찾을 수 없습니다. 디버그 정보가 없는 것처럼 개체를 링크합니다.
ProudNetServer.lib(s23_pkt.obj) : warning LNK4099: '' PDB를 'ProudNetServer.lib(s23_pkt.obj)' 또는 ''에서 찾을 수 없습니다. 디버그 정보가 없는 것처럼 개체를 링크합니다.
ProudNetServer.lib(xcbc_enc.obj) : warning LNK4099: '' PDB를 'ProudNetServer.lib(xcbc_enc.obj)' 또는 ''에서 찾을 수 없습니다. 디버그 정보가 없는 것처럼 개체를 링크합니다.
ProudNetServer.lib(bf_skey.obj) : warning LNK4099: '' PDB를 'ProudNetServer.lib(bf_skey.obj)' 또는 ''에서 찾을 수 없습니다. 디버그 정보가 없는 것처럼 개체를 링크합니다.
ProudNetServer.lib(bf_ecb.obj) : warning LNK4099: '' PDB를 'ProudNetServer.lib(bf_ecb.obj)' 또는 ''에서 찾을 수 없습니다. 디버그 정보가 없는 것처럼 개체를 링크합니다.
ProudNetServer.lib(bf_enc.obj) : warning LNK4099: '' PDB를 'ProudNetServer.lib(bf_enc.obj)' 또는 ''에서 찾을 수 없습니다. 디버그 정보가 없는 것처럼 개체를 링크합니다.
ProudNetServer.lib(bf_cfb64.obj) : warning LNK4099: '' PDB를 'ProudNetServer.lib(bf_cfb64.obj)' 또는 ''에서 찾을 수 없습니다. 디버그 정보가 없는 것처럼 개체를 링크합니다.
ProudNetServer.lib(bf_ofb64.obj) : warning LNK4099: '' PDB를 'ProudNetServer.lib(bf_ofb64.obj)' 또는 ''에서 찾을 수 없습니다. 디버그 정보가 없는 것처럼 개체를 링크합니다.
ProudNetServer.lib(c_skey.obj) : warning LNK4099: '' PDB를 'ProudNetServer.lib(c_skey.obj)' 또는 ''에서 찾을 수 없습니다. 디버그 정보가 없는 것처럼 개체를 링크합니다.
ProudNetServer.lib(c_ecb.obj) : warning LNK4099: '' PDB를 'ProudNetServer.lib(c_ecb.obj)' 또는 ''에서 찾을 수 없습니다. 디버그 정보가 없는 것처럼 개체를 링크합니다.
ProudNetServer.lib(c_enc.obj) : warning LNK4099: '' PDB를 'ProudNetServer.lib(c_enc.obj)' 또는 ''에서 찾을 수 없습니다. 디버그 정보가 없는 것처럼 개체를 링크합니다.
ProudNetServer.lib(c_cfb64.obj) : warning LNK4099: '' PDB를 'ProudNetServer.lib(c_cfb64.obj)' 또는 ''에서 찾을 수 없습니다. 디버그 정보가 없는 것처럼 개체를 링크합니다.
ProudNetServer.lib(c_ofb64.obj) : warning LNK4099: '' PDB를 'ProudNetServer.lib(c_ofb64.obj)' 또는 ''에서 찾을 수 없습니다. 디버그 정보가 없는 것처럼 개체를 링크합니다.
ProudNetServer.lib(md4_dgst.obj) : warning LNK4099: '' PDB를 'ProudNetServer.lib(md4_dgst.obj)' 또는 ''에서 찾을 수 없습니다. 디버그 정보가 없는 것처럼 개체를 링크합니다.
ProudNetServer.lib(sha_dgst.obj) : warning LNK4099: '' PDB를 'ProudNetServer.lib(sha_dgst.obj)' 또는 ''에서 찾을 수 없습니다. 디버그 정보가 없는 것처럼 개체를 링크합니다.
ProudNetServer.lib(rsa_saos.obj) : warning LNK4099: '' PDB를 'ProudNetServer.lib(rsa_saos.obj)' 또는 ''에서 찾을 수 없습니다. 디버그 정보가 없는 것처럼 개체를 링크합니다.
ProudNetServer.lib(mdc2dgst.obj) : warning LNK4099: '' PDB를 'ProudNetServer.lib(mdc2dgst.obj)' 또는 ''에서 찾을 수 없습니다. 디버그 정보가 없는 것처럼 개체를 링크합니다.
ProudNetServer.lib(rmd_dgst.obj) : warning LNK4099: '' PDB를 'ProudNetServer.lib(rmd_dgst.obj)' 또는 ''에서 찾을 수 없습니다. 디버그 정보가 없는 것처럼 개체를 링크합니다.
ProudNetServer.lib(wp_dgst.obj) : warning LNK4099: '' PDB를 'ProudNetServer.lib(wp_dgst.obj)' 또는 ''에서 찾을 수 없습니다. 디버그 정보가 없는 것처럼 개체를 링크합니다.
ProudNetServer.lib(bn_asm.obj) : warning LNK4099: '' PDB를 'ProudNetServer.lib(bn_asm.obj)' 또는 ''에서 찾을 수 없습니다. 디버그 정보가 없는 것처럼 개체를 링크합니다.
ProudNetServer.lib(p5_pbe.obj) : warning LNK4099: '' PDB를 'ProudNetServer.lib(p5_pbe.obj)' 또는 ''에서 찾을 수 없습니다. 디버그 정보가 없는 것처럼 개체를 링크합니다.
ProudNetServer.lib(p5_pbev2.obj) : warning LNK4099: '' PDB를 'ProudNetServer.lib(p5_pbev2.obj)' 또는 ''에서 찾을 수 없습니다. 디버그 정보가 없는 것처럼 개체를 링크합니다.
ProudNetServer.lib(p12_key.obj) : warning LNK4099: '' PDB를 'ProudNetServer.lib(p12_key.obj)' 또는 ''에서 찾을 수 없습니다. 디버그 정보가 없는 것처럼 개체를 링크합니다.
ProudNetServer.lib(dso_win32.obj) : warning LNK4099: '' PDB를 'ProudNetServer.lib(dso_win32.obj)' 또는 ''에서 찾을 수 없습니다. 디버그 정보가 없는 것처럼 개체를 링크합니다.
ProudNetServer.lib(bn_div.obj) : warning LNK4099: '' PDB를 'ProudNetServer.lib(bn_div.obj)' 또는 ''에서 찾을 수 없습니다. 디버그 정보가 없는 것처럼 개체를 링크합니다.
ProudNetServer.lib(bn_mod.obj) : warning LNK4099: '' PDB를 'ProudNetServer.lib(bn_mod.obj)' 또는 ''에서 찾을 수 없습니다. 디버그 정보가 없는 것처럼 개체를 링크합니다.
ProudNetServer.lib(bn_rand.obj) : warning LNK4099: '' PDB를 'ProudNetServer.lib(bn_rand.obj)' 또는 ''에서 찾을 수 없습니다. 디버그 정보가 없는 것처럼 개체를 링크합니다.
ProudNetServer.lib(bn_exp.obj) : warning LNK4099: '' PDB를 'ProudNetServer.lib(bn_exp.obj)' 또는 ''에서 찾을 수 없습니다. 디버그 정보가 없는 것처럼 개체를 링크합니다.
ProudNetServer.lib(bn_mont.obj) : warning LNK4099: '' PDB를 'ProudNetServer.lib(bn_mont.obj)' 또는 ''에서 찾을 수 없습니다. 디버그 정보가 없는 것처럼 개체를 링크합니다.
ProudNetServer.lib(dh_check.obj) : warning LNK4099: '' PDB를 'ProudNetServer.lib(dh_check.obj)' 또는 ''에서 찾을 수 없습니다. 디버그 정보가 없는 것처럼 개체를 링크합니다.
ProudNetServer.lib(rsa_pmeth.obj) : warning LNK4099: '' PDB를 'ProudNetServer.lib(rsa_pmeth.obj)' 또는 ''에서 찾을 수 없습니다. 디버그 정보가 없는 것처럼 개체를 링크합니다.
ProudNetServer.lib(dh_pmeth.obj) : warning LNK4099: '' PDB를 'ProudNetServer.lib(dh_pmeth.obj)' 또는 ''에서 찾을 수 없습니다. 디버그 정보가 없는 것처럼 개체를 링크합니다.
ProudNetServer.lib(dsa_pmeth.obj) : warning LNK4099: '' PDB를 'ProudNetServer.lib(dsa_pmeth.obj)' 또는 ''에서 찾을 수 없습니다. 디버그 정보가 없는 것처럼 개체를 링크합니다.
ProudNetServer.lib(ec_pmeth.obj) : warning LNK4099: '' PDB를 'ProudNetServer.lib(ec_pmeth.obj)' 또는 ''에서 찾을 수 없습니다. 디버그 정보가 없는 것처럼 개체를 링크합니다.
ProudNetServer.lib(hm_pmeth.obj) : warning LNK4099: '' PDB를 'ProudNetServer.lib(hm_pmeth.obj)' 또는 ''에서 찾을 수 없습니다. 디버그 정보가 없는 것처럼 개체를 링크합니다.
ProudNetServer.lib(cm_pmeth.obj) : warning LNK4099: '' PDB를 'ProudNetServer.lib(cm_pmeth.obj)' 또는 ''에서 찾을 수 없습니다. 디버그 정보가 없는 것처럼 개체를 링크합니다.
ProudNetServer.lib(rsa_eay.obj) : warning LNK4099: '' PDB를 'ProudNetServer.lib(rsa_eay.obj)' 또는 ''에서 찾을 수 없습니다. 디버그 정보가 없는 것처럼 개체를 링크합니다.
ProudNetServer.lib(tb_rsa.obj) : warning LNK4099: '' PDB를 'ProudNetServer.lib(tb_rsa.obj)' 또는 ''에서 찾을 수 없습니다. 디버그 정보가 없는 것처럼 개체를 링크합니다.
ProudNetServer.lib(dsa_ossl.obj) : warning LNK4099: '' PDB를 'ProudNetServer.lib(dsa_ossl.obj)' 또는 ''에서 찾을 수 없습니다. 디버그 정보가 없는 것처럼 개체를 링크합니다.
ProudNetServer.lib(tb_dsa.obj) : warning LNK4099: '' PDB를 'ProudNetServer.lib(tb_dsa.obj)' 또는 ''에서 찾을 수 없습니다. 디버그 정보가 없는 것처럼 개체를 링크합니다.
ProudNetServer.lib(a_time.obj) : warning LNK4099: '' PDB를 'ProudNetServer.lib(a_time.obj)' 또는 ''에서 찾을 수 없습니다. 디버그 정보가 없는 것처럼 개체를 링크합니다.
ProudNetServer.lib(a_enum.obj) : warning LNK4099: '' PDB를 'ProudNetServer.lib(a_enum.obj)' 또는 ''에서 찾을 수 없습니다. 디버그 정보가 없는 것처럼 개체를 링크합니다.
ProudNetServer.lib(a_verify.obj) : warning LNK4099: '' PDB를 'ProudNetServer.lib(a_verify.obj)' 또는 ''에서 찾을 수 없습니다. 디버그 정보가 없는 것처럼 개체를 링크합니다.
ProudNetServer.lib(x_info.obj) : warning LNK4099: '' PDB를 'ProudNetServer.lib(x_info.obj)' 또는 ''에서 찾을 수 없습니다. 디버그 정보가 없는 것처럼 개체를 링크합니다.
ProudNetServer.lib(pem_info.obj) : warning LNK4099: '' PDB를 'ProudNetServer.lib(pem_info.obj)' 또는 ''에서 찾을 수 없습니다. 디버그 정보가 없는 것처럼 개체를 링크합니다.
ProudNetServer.lib(x509_req.obj) : warning LNK4099: '' PDB를 'ProudNetServer.lib(x509_req.obj)' 또는 ''에서 찾을 수 없습니다. 디버그 정보가 없는 것처럼 개체를 링크합니다.
ProudNetServer.lib(x509name.obj) : warning LNK4099: '' PDB를 'ProudNetServer.lib(x509name.obj)' 또는 ''에서 찾을 수 없습니다. 디버그 정보가 없는 것처럼 개체를 링크합니다.
ProudNetServer.lib(v3_lib.obj) : warning LNK4099: '' PDB를 'ProudNetServer.lib(v3_lib.obj)' 또는 ''에서 찾을 수 없습니다. 디버그 정보가 없는 것처럼 개체를 링크합니다.
ProudNetServer.lib(a_bitstr.obj) : warning LNK4099: '' PDB를 'ProudNetServer.lib(a_bitstr.obj)' 또는 ''에서 찾을 수 없습니다. 디버그 정보가 없는 것처럼 개체를 링크합니다.
ProudNetServer.lib(tasn_utl.obj) : warning LNK4099: '' PDB를 'ProudNetServer.lib(tasn_utl.obj)' 또는 ''에서 찾을 수 없습니다. 디버그 정보가 없는 것처럼 개체를 링크합니다.
ProudNetServer.lib(a_utf8.obj) : warning LNK4099: '' PDB를 'ProudNetServer.lib(a_utf8.obj)' 또는 ''에서 찾을 수 없습니다. 디버그 정보가 없는 것처럼 개체를 링크합니다.
ProudNetServer.lib(asn1_par.obj) : warning LNK4099: '' PDB를 'ProudNetServer.lib(asn1_par.obj)' 또는 ''에서 찾을 수 없습니다. 디버그 정보가 없는 것처럼 개체를 링크합니다.
ProudNetServer.lib(a_mbstr.obj) : warning LNK4099: '' PDB를 'ProudNetServer.lib(a_mbstr.obj)' 또는 ''에서 찾을 수 없습니다. 디버그 정보가 없는 것처럼 개체를 링크합니다.
ProudNetServer.lib(t_x509.obj) : warning LNK4099: '' PDB를 'ProudNetServer.lib(t_x509.obj)' 또는 ''에서 찾을 수 없습니다. 디버그 정보가 없는 것처럼 개체를 링크합니다.
ProudNetServer.lib(v3_alt.obj) : warning LNK4099: '' PDB를 'ProudNetServer.lib(v3_alt.obj)' 또는 ''에서 찾을 수 없습니다. 디버그 정보가 없는 것처럼 개체를 링크합니다.
ProudNetServer.lib(v3_conf.obj) : warning LNK4099: '' PDB를 'ProudNetServer.lib(v3_conf.obj)' 또는 ''에서 찾을 수 없습니다. 디버그 정보가 없는 것처럼 개체를 링크합니다.
ProudNetServer.lib(v3_cpols.obj) : warning LNK4099: '' PDB를 'ProudNetServer.lib(v3_cpols.obj)' 또는 ''에서 찾을 수 없습니다. 디버그 정보가 없는 것처럼 개체를 링크합니다.
ProudNetServer.lib(v3_pcons.obj) : warning LNK4099: '' PDB를 'ProudNetServer.lib(v3_pcons.obj)' 또는 ''에서 찾을 수 없습니다. 디버그 정보가 없는 것처럼 개체를 링크합니다.
ProudNetServer.lib(pcy_data.obj) : warning LNK4099: '' PDB를 'ProudNetServer.lib(pcy_data.obj)' 또는 ''에서 찾을 수 없습니다. 디버그 정보가 없는 것처럼 개체를 링크합니다.
ProudNetServer.lib(pcy_map.obj) : warning LNK4099: '' PDB를 'ProudNetServer.lib(pcy_map.obj)' 또는 ''에서 찾을 수 없습니다. 디버그 정보가 없는 것처럼 개체를 링크합니다.
ProudNetServer.lib(ec_mult.obj) : warning LNK4099: '' PDB를 'ProudNetServer.lib(ec_mult.obj)' 또는 ''에서 찾을 수 없습니다. 디버그 정보가 없는 것처럼 개체를 링크합니다.
ProudNetServer.lib(d1_both.obj) : warning LNK4099: '' PDB를 'ProudNetServer.lib(d1_both.obj)' 또는 ''에서 찾을 수 없습니다. 디버그 정보가 없는 것처럼 개체를 링크합니다.
ProudNetServer.lib(txt_db.obj) : warning LNK4099: '' PDB를 'ProudNetServer.lib(txt_db.obj)' 또는 ''에서 찾을 수 없습니다. 디버그 정보가 없는 것처럼 개체를 링크합니다.
ProudNetServer.lib(evp_key.obj) : warning LNK4099: '' PDB를 'ProudNetServer.lib(evp_key.obj)' 또는 ''에서 찾을 수 없습니다. 디버그 정보가 없는 것처럼 개체를 링크합니다.
ProudNetServer.lib(t_pkey.obj) : warning LNK4099: '' PDB를 'ProudNetServer.lib(t_pkey.obj)' 또는 ''에서 찾을 수 없습니다. 디버그 정보가 없는 것처럼 개체를 링크합니다.
ProudNetServer.lib(dh_asn1.obj) : warning LNK4099: '' PDB를 'ProudNetServer.lib(dh_asn1.obj)' 또는 ''에서 찾을 수 없습니다. 디버그 정보가 없는 것처럼 개체를 링크합니다.
ProudNetServer.lib(p8_pkey.obj) : warning LNK4099: '' PDB를 'ProudNetServer.lib(p8_pkey.obj)' 또는 ''에서 찾을 수 없습니다. 디버그 정보가 없는 것처럼 개체를 링크합니다.
ProudNetServer.lib(cms_env.obj) : warning LNK4099: '' PDB를 'ProudNetServer.lib(cms_env.obj)' 또는 ''에서 찾을 수 없습니다. 디버그 정보가 없는 것처럼 개체를 링크합니다.
ProudNetServer.lib(cms_kari.obj) : warning LNK4099: '' PDB를 'ProudNetServer.lib(cms_kari.obj)' 또는 ''에서 찾을 수 없습니다. 디버그 정보가 없는 것처럼 개체를 링크합니다.
ProudNetServer.lib(a_utctm.obj) : warning LNK4099: '' PDB를 'ProudNetServer.lib(a_utctm.obj)' 또는 ''에서 찾을 수 없습니다. 디버그 정보가 없는 것처럼 개체를 링크합니다.
ProudNetServer.lib(a_gentm.obj) : warning LNK4099: '' PDB를 'ProudNetServer.lib(a_gentm.obj)' 또는 ''에서 찾을 수 없습니다. 디버그 정보가 없는 것처럼 개체를 링크합니다.
ProudNetServer.lib(pcy_tree.obj) : warning LNK4099: '' PDB를 'ProudNetServer.lib(pcy_tree.obj)' 또는 ''에서 찾을 수 없습니다. 디버그 정보가 없는 것처럼 개체를 링크합니다.
ProudNetServer.lib(x509cset.obj) : warning LNK4099: '' PDB를 'ProudNetServer.lib(x509cset.obj)' 또는 ''에서 찾을 수 없습니다. 디버그 정보가 없는 것처럼 개체를 링크합니다.
ProudNetServer.lib(m_sigver.obj) : warning LNK4099: '' PDB를 'ProudNetServer.lib(m_sigver.obj)' 또는 ''에서 찾을 수 없습니다. 디버그 정보가 없는 것처럼 개체를 링크합니다.
ProudNetServer.lib(pmeth_gn.obj) : warning LNK4099: '' PDB를 'ProudNetServer.lib(pmeth_gn.obj)' 또는 ''에서 찾을 수 없습니다. 디버그 정보가 없는 것처럼 개체를 링크합니다.
ProudNetServer.lib(ecp_nistz256.obj) : warning LNK4099: '' PDB를 'ProudNetServer.lib(ecp_nistz256.obj)' 또는 ''에서 찾을 수 없습니다. 디버그 정보가 없는 것처럼 개체를 링크합니다.
ProudNetServer.lib(ec_cvt.obj) : warning LNK4099: '' PDB를 'ProudNetServer.lib(ec_cvt.obj)' 또는 ''에서 찾을 수 없습니다. 디버그 정보가 없는 것처럼 개체를 링크합니다.
ProudNetServer.lib(a_d2i_fp.obj) : warning LNK4099: '' PDB를 'ProudNetServer.lib(a_d2i_fp.obj)' 또는 ''에서 찾을 수 없습니다. 디버그 정보가 없는 것처럼 개체를 링크합니다.
ProudNetServer.lib(a_i2d_fp.obj) : warning LNK4099: '' PDB를 'ProudNetServer.lib(a_i2d_fp.obj)' 또는 ''에서 찾을 수 없습니다. 디버그 정보가 없는 것처럼 개체를 링크합니다.
ProudNetServer.lib(i2d_pr.obj) : warning LNK4099: '' PDB를 'ProudNetServer.lib(i2d_pr.obj)' 또는 ''에서 찾을 수 없습니다. 디버그 정보가 없는 것처럼 개체를 링크합니다.
ProudNetServer.lib(ec_asn1.obj) : warning LNK4099: '' PDB를 'ProudNetServer.lib(ec_asn1.obj)' 또는 ''에서 찾을 수 없습니다. 디버그 정보가 없는 것처럼 개체를 링크합니다.
ProudNetServer.lib(pk7_asn1.obj) : warning LNK4099: '' PDB를 'ProudNetServer.lib(pk7_asn1.obj)' 또는 ''에서 찾을 수 없습니다. 디버그 정보가 없는 것처럼 개체를 링크합니다.
ProudNetServer.lib(x_sig.obj) : warning LNK4099: '' PDB를 'ProudNetServer.lib(x_sig.obj)' 또는 ''에서 찾을 수 없습니다. 디버그 정보가 없는 것처럼 개체를 링크합니다.
ProudNetServer.lib(x_req.obj) : warning LNK4099: '' PDB를 'ProudNetServer.lib(x_req.obj)' 또는 ''에서 찾을 수 없습니다. 디버그 정보가 없는 것처럼 개체를 링크합니다.
ProudNetServer.lib(x_spki.obj) : warning LNK4099: '' PDB를 'ProudNetServer.lib(x_spki.obj)' 또는 ''에서 찾을 수 없습니다. 디버그 정보가 없는 것처럼 개체를 링크합니다.
ProudNetServer.lib(a_digest.obj) : warning LNK4099: '' PDB를 'ProudNetServer.lib(a_digest.obj)' 또는 ''에서 찾을 수 없습니다. 디버그 정보가 없는 것처럼 개체를 링크합니다.
ProudNetServer.lib(a_sign.obj) : warning LNK4099: '' PDB를 'ProudNetServer.lib(a_sign.obj)' 또는 ''에서 찾을 수 없습니다. 디버그 정보가 없는 것처럼 개체를 링크합니다.
ProudNetServer.lib(evp_pkey.obj) : warning LNK4099: '' PDB를 'ProudNetServer.lib(evp_pkey.obj)' 또는 ''에서 찾을 수 없습니다. 디버그 정보가 없는 것처럼 개체를 링크합니다.
ProudNetServer.lib(ocsp_ht.obj) : warning LNK4099: '' PDB를 'ProudNetServer.lib(ocsp_ht.obj)' 또는 ''에서 찾을 수 없습니다. 디버그 정보가 없는 것처럼 개체를 링크합니다.
ProudNetServer.lib(rand_win.obj) : warning LNK4099: '' PDB를 'ProudNetServer.lib(rand_win.obj)' 또는 ''에서 찾을 수 없습니다. 디버그 정보가 없는 것처럼 개체를 링크합니다.
ProudNetServer.lib(x_bignum.obj) : warning LNK4099: '' PDB를 'ProudNetServer.lib(x_bignum.obj)' 또는 ''에서 찾을 수 없습니다. 디버그 정보가 없는 것처럼 개체를 링크합니다.
ProudNetServer.lib(x_long.obj) : warning LNK4099: '' PDB를 'ProudNetServer.lib(x_long.obj)' 또는 ''에서 찾을 수 없습니다. 디버그 정보가 없는 것처럼 개체를 링크합니다.
ProudNetServer.lib(dsa_sign.obj) : warning LNK4099: '' PDB를 'ProudNetServer.lib(dsa_sign.obj)' 또는 ''에서 찾을 수 없습니다. 디버그 정보가 없는 것처럼 개체를 링크합니다.
ProudNetServer.lib(dsa_vrf.obj) : warning LNK4099: '' PDB를 'ProudNetServer.lib(dsa_vrf.obj)' 또는 ''에서 찾을 수 없습니다. 디버그 정보가 없는 것처럼 개체를 링크합니다.
ProudNetServer.lib(ecs_asn1.obj) : warning LNK4099: '' PDB를 'ProudNetServer.lib(ecs_asn1.obj)' 또는 ''에서 찾을 수 없습니다. 디버그 정보가 없는 것처럼 개체를 링크합니다.
ProudNetServer.lib(ecs_lib.obj) : warning LNK4099: '' PDB를 'ProudNetServer.lib(ecs_lib.obj)' 또는 ''에서 찾을 수 없습니다. 디버그 정보가 없는 것처럼 개체를 링크합니다.
ProudNetServer.lib(a_bytes.obj) : warning LNK4099: '' PDB를 'ProudNetServer.lib(a_bytes.obj)' 또는 ''에서 찾을 수 없습니다. 디버그 정보가 없는 것처럼 개체를 링크합니다.
ProudNetServer.lib(f_int.obj) : warning LNK4099: '' PDB를 'ProudNetServer.lib(f_int.obj)' 또는 ''에서 찾을 수 없습니다. 디버그 정보가 없는 것처럼 개체를 링크합니다.
ProudNetServer.lib(asn_pack.obj) : warning LNK4099: '' PDB를 'ProudNetServer.lib(asn_pack.obj)' 또는 ''에서 찾을 수 없습니다. 디버그 정보가 없는 것처럼 개체를 링크합니다.
ProudNetServer.lib(pk7_lib.obj) : warning LNK4099: '' PDB를 'ProudNetServer.lib(pk7_lib.obj)' 또는 ''에서 찾을 수 없습니다. 디버그 정보가 없는 것처럼 개체를 링크합니다.
ProudNetServer.lib(cms_sd.obj) : warning LNK4099: '' PDB를 'ProudNetServer.lib(cms_sd.obj)' 또는 ''에서 찾을 수 없습니다. 디버그 정보가 없는 것처럼 개체를 링크합니다.
ProudNetServer.lib(ec_print.obj) : warning LNK4099: '' PDB를 'ProudNetServer.lib(ec_print.obj)' 또는 ''에서 찾을 수 없습니다. 디버그 정보가 없는 것처럼 개체를 링크합니다.
ProudNetServer.lib(eck_prn.obj) : warning LNK4099: '' PDB를 'ProudNetServer.lib(eck_prn.obj)' 또는 ''에서 찾을 수 없습니다. 디버그 정보가 없는 것처럼 개체를 링크합니다.
ProudNetServer.lib(cms_asn1.obj) : warning LNK4099: '' PDB를 'ProudNetServer.lib(cms_asn1.obj)' 또는 ''에서 찾을 수 없습니다. 디버그 정보가 없는 것처럼 개체를 링크합니다.
ProudNetServer.lib(cmac.obj) : warning LNK4099: '' PDB를 'ProudNetServer.lib(cmac.obj)' 또는 ''에서 찾을 수 없습니다. 디버그 정보가 없는 것처럼 개체를 링크합니다.
ProudNetServer.lib(eng_ctrl.obj) : warning LNK4099: '' PDB를 'ProudNetServer.lib(eng_ctrl.obj)' 또는 ''에서 찾을 수 없습니다. 디버그 정보가 없는 것처럼 개체를 링크합니다.
ProudNetServer.lib(nsseq.obj) : warning LNK4099: '' PDB를 'ProudNetServer.lib(nsseq.obj)' 또는 ''에서 찾을 수 없습니다. 디버그 정보가 없는 것처럼 개체를 링크합니다.
ProudNetServer.lib(p12_p8d.obj) : warning LNK4099: '' PDB를 'ProudNetServer.lib(p12_p8d.obj)' 또는 ''에서 찾을 수 없습니다. 디버그 정보가 없는 것처럼 개체를 링크합니다.
ProudNetServer.lib(pem_pk8.obj) : warning LNK4099: '' PDB를 'ProudNetServer.lib(pem_pk8.obj)' 또는 ''에서 찾을 수 없습니다. 디버그 정보가 없는 것처럼 개체를 링크합니다.
ProudNetServer.lib(ecp_oct.obj) : warning LNK4099: '' PDB를 'ProudNetServer.lib(ecp_oct.obj)' 또는 ''에서 찾을 수 없습니다. 디버그 정보가 없는 것처럼 개체를 링크합니다.
ProudNetServer.lib(ec2_oct.obj) : warning LNK4099: '' PDB를 'ProudNetServer.lib(ec2_oct.obj)' 또는 ''에서 찾을 수 없습니다. 디버그 정보가 없는 것처럼 개체를 링크합니다.
ProudNetServer.lib(ech_lib.obj) : warning LNK4099: '' PDB를 'ProudNetServer.lib(ech_lib.obj)' 또는 ''에서 찾을 수 없습니다. 디버그 정보가 없는 것처럼 개체를 링크합니다.
ProudNetServer.lib(d1_pkt.obj) : warning LNK4099: '' PDB를 'ProudNetServer.lib(d1_pkt.obj)' 또는 ''에서 찾을 수 없습니다. 디버그 정보가 없는 것처럼 개체를 링크합니다.
ProudNetServer.lib(d1_lib.obj) : warning LNK4099: '' PDB를 'ProudNetServer.lib(d1_lib.obj)' 또는 ''에서 찾을 수 없습니다. 디버그 정보가 없는 것처럼 개체를 링크합니다.
ProudNetServer.lib(p12_utl.obj) : warning LNK4099: '' PDB를 'ProudNetServer.lib(p12_utl.obj)' 또는 ''에서 찾을 수 없습니다. 디버그 정보가 없는 것처럼 개체를 링크합니다.
ProudNetServer.lib(bn_sqr.obj) : warning LNK4099: '' PDB를 'ProudNetServer.lib(bn_sqr.obj)' 또는 ''에서 찾을 수 없습니다. 디버그 정보가 없는 것처럼 개체를 링크합니다.
ProudNetServer.lib(bn_recp.obj) : warning LNK4099: '' PDB를 'ProudNetServer.lib(bn_recp.obj)' 또는 ''에서 찾을 수 없습니다. 디버그 정보가 없는 것처럼 개체를 링크합니다.
ProudNetServer.lib(rsaz_exp.obj) : warning LNK4099: '' PDB를 'ProudNetServer.lib(rsaz_exp.obj)' 또는 ''에서 찾을 수 없습니다. 디버그 정보가 없는 것처럼 개체를 링크합니다.
ProudNetServer.lib(bn_prime.obj) : warning LNK4099: '' PDB를 'ProudNetServer.lib(bn_prime.obj)' 또는 ''에서 찾을 수 없습니다. 디버그 정보가 없는 것처럼 개체를 링크합니다.
ProudNetServer.lib(rsa_gen.obj) : warning LNK4099: '' PDB를 'ProudNetServer.lib(rsa_gen.obj)' 또는 ''에서 찾을 수 없습니다. 디버그 정보가 없는 것처럼 개체를 링크합니다.
ProudNetServer.lib(rsa_oaep.obj) : warning LNK4099: '' PDB를 'ProudNetServer.lib(rsa_oaep.obj)' 또는 ''에서 찾을 수 없습니다. 디버그 정보가 없는 것처럼 개체를 링크합니다.
ProudNetServer.lib(rsa_x931.obj) : warning LNK4099: '' PDB를 'ProudNetServer.lib(rsa_x931.obj)' 또는 ''에서 찾을 수 없습니다. 디버그 정보가 없는 것처럼 개체를 링크합니다.
ProudNetServer.lib(rsa_pss.obj) : warning LNK4099: '' PDB를 'ProudNetServer.lib(rsa_pss.obj)' 또는 ''에서 찾을 수 없습니다. 디버그 정보가 없는 것처럼 개체를 링크합니다.
ProudNetServer.lib(dh_gen.obj) : warning LNK4099: '' PDB를 'ProudNetServer.lib(dh_gen.obj)' 또는 ''에서 찾을 수 없습니다. 디버그 정보가 없는 것처럼 개체를 링크합니다.
ProudNetServer.lib(dh_rfc5114.obj) : warning LNK4099: '' PDB를 'ProudNetServer.lib(dh_rfc5114.obj)' 또는 ''에서 찾을 수 없습니다. 디버그 정보가 없는 것처럼 개체를 링크합니다.
ProudNetServer.lib(dh_kdf.obj) : warning LNK4099: '' PDB를 'ProudNetServer.lib(dh_kdf.obj)' 또는 ''에서 찾을 수 없습니다. 디버그 정보가 없는 것처럼 개체를 링크합니다.
ProudNetServer.lib(dsa_gen.obj) : warning LNK4099: '' PDB를 'ProudNetServer.lib(dsa_gen.obj)' 또는 ''에서 찾을 수 없습니다. 디버그 정보가 없는 것처럼 개체를 링크합니다.
ProudNetServer.lib(dsa_key.obj) : warning LNK4099: '' PDB를 'ProudNetServer.lib(dsa_key.obj)' 또는 ''에서 찾을 수 없습니다. 디버그 정보가 없는 것처럼 개체를 링크합니다.
ProudNetServer.lib(ech_kdf.obj) : warning LNK4099: '' PDB를 'ProudNetServer.lib(ech_kdf.obj)' 또는 ''에서 찾을 수 없습니다. 디버그 정보가 없는 것처럼 개체를 링크합니다.
ProudNetServer.lib(rsa_pk1.obj) : warning LNK4099: '' PDB를 'ProudNetServer.lib(rsa_pk1.obj)' 또는 ''에서 찾을 수 없습니다. 디버그 정보가 없는 것처럼 개체를 링크합니다.
ProudNetServer.lib(rsa_ssl.obj) : warning LNK4099: '' PDB를 'ProudNetServer.lib(rsa_ssl.obj)' 또는 ''에서 찾을 수 없습니다. 디버그 정보가 없는 것처럼 개체를 링크합니다.
ProudNetServer.lib(rsa_none.obj) : warning LNK4099: '' PDB를 'ProudNetServer.lib(rsa_none.obj)' 또는 ''에서 찾을 수 없습니다. 디버그 정보가 없는 것처럼 개체를 링크합니다.
ProudNetServer.lib(bn_exp2.obj) : warning LNK4099: '' PDB를 'ProudNetServer.lib(bn_exp2.obj)' 또는 ''에서 찾을 수 없습니다. 디버그 정보가 없는 것처럼 개체를 링크합니다.
ProudNetServer.lib(o_time.obj) : warning LNK4099: '' PDB를 'ProudNetServer.lib(o_time.obj)' 또는 ''에서 찾을 수 없습니다. 디버그 정보가 없는 것처럼 개체를 링크합니다.
ProudNetServer.lib(x_pkey.obj) : warning LNK4099: '' PDB를 'ProudNetServer.lib(x_pkey.obj)' 또는 ''에서 찾을 수 없습니다. 디버그 정보가 없는 것처럼 개체를 링크합니다.
ProudNetServer.lib(x509rset.obj) : warning LNK4099: '' PDB를 'ProudNetServer.lib(x509rset.obj)' 또는 ''에서 찾을 수 없습니다. 디버그 정보가 없는 것처럼 개체를 링크합니다.
ProudNetServer.lib(x509_att.obj) : warning LNK4099: '' PDB를 'ProudNetServer.lib(x509_att.obj)' 또는 ''에서 찾을 수 없습니다. 디버그 정보가 없는 것처럼 개체를 링크합니다.
ProudNetServer.lib(a_print.obj) : warning LNK4099: '' PDB를 'ProudNetServer.lib(a_print.obj)' 또는 ''에서 찾을 수 없습니다. 디버그 정보가 없는 것처럼 개체를 링크합니다.
ProudNetServer.lib(a_strnid.obj) : warning LNK4099: '' PDB를 'ProudNetServer.lib(a_strnid.obj)' 또는 ''에서 찾을 수 없습니다. 디버그 정보가 없는 것처럼 개체를 링크합니다.
ProudNetServer.lib(v3_bitst.obj) : warning LNK4099: '' PDB를 'ProudNetServer.lib(v3_bitst.obj)' 또는 ''에서 찾을 수 없습니다. 디버그 정보가 없는 것처럼 개체를 링크합니다.
ProudNetServer.lib(v3_extku.obj) : warning LNK4099: '' PDB를 'ProudNetServer.lib(v3_extku.obj)' 또는 ''에서 찾을 수 없습니다. 디버그 정보가 없는 것처럼 개체를 링크합니다.
ProudNetServer.lib(v3_pku.obj) : warning LNK4099: '' PDB를 'ProudNetServer.lib(v3_pku.obj)' 또는 ''에서 찾을 수 없습니다. 디버그 정보가 없는 것처럼 개체를 링크합니다.
ProudNetServer.lib(v3_sxnet.obj) : warning LNK4099: '' PDB를 'ProudNetServer.lib(v3_sxnet.obj)' 또는 ''에서 찾을 수 없습니다. 디버그 정보가 없는 것처럼 개체를 링크합니다.
ProudNetServer.lib(v3_ia5.obj) : warning LNK4099: '' PDB를 'ProudNetServer.lib(v3_ia5.obj)' 또는 ''에서 찾을 수 없습니다. 디버그 정보가 없는 것처럼 개체를 링크합니다.
ProudNetServer.lib(v3_skey.obj) : warning LNK4099: '' PDB를 'ProudNetServer.lib(v3_skey.obj)' 또는 ''에서 찾을 수 없습니다. 디버그 정보가 없는 것처럼 개체를 링크합니다.
ProudNetServer.lib(v3_akey.obj) : warning LNK4099: '' PDB를 'ProudNetServer.lib(v3_akey.obj)' 또는 ''에서 찾을 수 없습니다. 디버그 정보가 없는 것처럼 개체를 링크합니다.
ProudNetServer.lib(v3_int.obj) : warning LNK4099: '' PDB를 'ProudNetServer.lib(v3_int.obj)' 또는 ''에서 찾을 수 없습니다. 디버그 정보가 없는 것처럼 개체를 링크합니다.
ProudNetServer.lib(v3_enum.obj) : warning LNK4099: '' PDB를 'ProudNetServer.lib(v3_enum.obj)' 또는 ''에서 찾을 수 없습니다. 디버그 정보가 없는 것처럼 개체를 링크합니다.
ProudNetServer.lib(v3_ocsp.obj) : warning LNK4099: '' PDB를 'ProudNetServer.lib(v3_ocsp.obj)' 또는 ''에서 찾을 수 없습니다. 디버그 정보가 없는 것처럼 개체를 링크합니다.
ProudNetServer.lib(v3_pci.obj) : warning LNK4099: '' PDB를 'ProudNetServer.lib(v3_pci.obj)' 또는 ''에서 찾을 수 없습니다. 디버그 정보가 없는 것처럼 개체를 링크합니다.
ProudNetServer.lib(v3_pmaps.obj) : warning LNK4099: '' PDB를 'ProudNetServer.lib(v3_pmaps.obj)' 또는 ''에서 찾을 수 없습니다. 디버그 정보가 없는 것처럼 개체를 링크합니다.
ProudNetServer.lib(v3_scts.obj) : warning LNK4099: '' PDB를 'ProudNetServer.lib(v3_scts.obj)' 또는 ''에서 찾을 수 없습니다. 디버그 정보가 없는 것처럼 개체를 링크합니다.
ProudNetServer.lib(b_dump.obj) : warning LNK4099: '' PDB를 'ProudNetServer.lib(b_dump.obj)' 또는 ''에서 찾을 수 없습니다. 디버그 정보가 없는 것처럼 개체를 링크합니다.
ProudNetServer.lib(a_bool.obj) : warning LNK4099: '' PDB를 'ProudNetServer.lib(a_bool.obj)' 또는 ''에서 찾을 수 없습니다. 디버그 정보가 없는 것처럼 개체를 링크합니다.
ProudNetServer.lib(err_prn.obj) : warning LNK4099: '' PDB를 'ProudNetServer.lib(err_prn.obj)' 또는 ''에서 찾을 수 없습니다. 디버그 정보가 없는 것처럼 개체를 링크합니다.
ProudNetServer.lib(t_x509a.obj) : warning LNK4099: '' PDB를 'ProudNetServer.lib(t_x509a.obj)' 또는 ''에서 찾을 수 없습니다. 디버그 정보가 없는 것처럼 개체를 링크합니다.
ProudNetServer.lib(v3_prn.obj) : warning LNK4099: '' PDB를 'ProudNetServer.lib(v3_prn.obj)' 또는 ''에서 찾을 수 없습니다. 디버그 정보가 없는 것처럼 개체를 링크합니다.
ProudNetServer.lib(asn1_gen.obj) : warning LNK4099: '' PDB를 'ProudNetServer.lib(asn1_gen.obj)' 또는 ''에서 찾을 수 없습니다. 디버그 정보가 없는 것처럼 개체를 링크합니다.
ProudNetServer.lib(pqueue.obj) : warning LNK4099: '' PDB를 'ProudNetServer.lib(pqueue.obj)' 또는 ''에서 찾을 수 없습니다. 디버그 정보가 없는 것처럼 개체를 링크합니다.
ProudNetServer.lib(ui_lib.obj) : warning LNK4099: '' PDB를 'ProudNetServer.lib(ui_lib.obj)' 또는 ''에서 찾을 수 없습니다. 디버그 정보가 없는 것처럼 개체를 링크합니다.
ProudNetServer.lib(cms_lib.obj) : warning LNK4099: '' PDB를 'ProudNetServer.lib(cms_lib.obj)' 또는 ''에서 찾을 수 없습니다. 디버그 정보가 없는 것처럼 개체를 링크합니다.
ProudNetServer.lib(aes_wrap.obj) : warning LNK4099: '' PDB를 'ProudNetServer.lib(aes_wrap.obj)' 또는 ''에서 찾을 수 없습니다. 디버그 정보가 없는 것처럼 개체를 링크합니다.
ProudNetServer.lib(cms_enc.obj) : warning LNK4099: '' PDB를 'ProudNetServer.lib(cms_enc.obj)' 또는 ''에서 찾을 수 없습니다. 디버그 정보가 없는 것처럼 개체를 링크합니다.
ProudNetServer.lib(cms_pwri.obj) : warning LNK4099: '' PDB를 'ProudNetServer.lib(cms_pwri.obj)' 또는 ''에서 찾을 수 없습니다. 디버그 정보가 없는 것처럼 개체를 링크합니다.
ProudNetServer.lib(pcy_lib.obj) : warning LNK4099: '' PDB를 'ProudNetServer.lib(pcy_lib.obj)' 또는 ''에서 찾을 수 없습니다. 디버그 정보가 없는 것처럼 개체를 링크합니다.
ProudNetServer.lib(pcy_node.obj) : warning LNK4099: '' PDB를 'ProudNetServer.lib(pcy_node.obj)' 또는 ''에서 찾을 수 없습니다. 디버그 정보가 없는 것처럼 개체를 링크합니다.
ProudNetServer.lib(ecp_smpl.obj) : warning LNK4099: '' PDB를 'ProudNetServer.lib(ecp_smpl.obj)' 또는 ''에서 찾을 수 없습니다. 디버그 정보가 없는 것처럼 개체를 링크합니다.
ProudNetServer.lib(ecp_mont.obj) : warning LNK4099: '' PDB를 'ProudNetServer.lib(ecp_mont.obj)' 또는 ''에서 찾을 수 없습니다. 디버그 정보가 없는 것처럼 개체를 링크합니다.
ProudNetServer.lib(ec2_smpl.obj) : warning LNK4099: '' PDB를 'ProudNetServer.lib(ec2_smpl.obj)' 또는 ''에서 찾을 수 없습니다. 디버그 정보가 없는 것처럼 개체를 링크합니다.
ProudNetServer.lib(tasn_prn.obj) : warning LNK4099: '' PDB를 'ProudNetServer.lib(tasn_prn.obj)' 또는 ''에서 찾을 수 없습니다. 디버그 정보가 없는 것처럼 개체를 링크합니다.
ProudNetServer.lib(pk7_doit.obj) : warning LNK4099: '' PDB를 'ProudNetServer.lib(pk7_doit.obj)' 또는 ''에서 찾을 수 없습니다. 디버그 정보가 없는 것처럼 개체를 링크합니다.
ProudNetServer.lib(ecs_ossl.obj) : warning LNK4099: '' PDB를 'ProudNetServer.lib(ecs_ossl.obj)' 또는 ''에서 찾을 수 없습니다. 디버그 정보가 없는 것처럼 개체를 링크합니다.
ProudNetServer.lib(tb_ecdsa.obj) : warning LNK4099: '' PDB를 'ProudNetServer.lib(tb_ecdsa.obj)' 또는 ''에서 찾을 수 없습니다. 디버그 정보가 없는 것처럼 개체를 링크합니다.
ProudNetServer.lib(a_set.obj) : warning LNK4099: '' PDB를 'ProudNetServer.lib(a_set.obj)' 또는 ''에서 찾을 수 없습니다. 디버그 정보가 없는 것처럼 개체를 링크합니다.
ProudNetServer.lib(cms_att.obj) : warning LNK4099: '' PDB를 'ProudNetServer.lib(cms_att.obj)' 또는 ''에서 찾을 수 없습니다. 디버그 정보가 없는 것처럼 개체를 링크합니다.
ProudNetServer.lib(cms_io.obj) : warning LNK4099: '' PDB를 'ProudNetServer.lib(cms_io.obj)' 또는 ''에서 찾을 수 없습니다. 디버그 정보가 없는 것처럼 개체를 링크합니다.
ProudNetServer.lib(p12_decr.obj) : warning LNK4099: '' PDB를 'ProudNetServer.lib(p12_decr.obj)' 또는 ''에서 찾을 수 없습니다. 디버그 정보가 없는 것처럼 개체를 링크합니다.
ProudNetServer.lib(p12_p8e.obj) : warning LNK4099: '' PDB를 'ProudNetServer.lib(p12_p8e.obj)' 또는 ''에서 찾을 수 없습니다. 디버그 정보가 없는 것처럼 개체를 링크합니다.
ProudNetServer.lib(bn_kron.obj) : warning LNK4099: '' PDB를 'ProudNetServer.lib(bn_kron.obj)' 또는 ''에서 찾을 수 없습니다. 디버그 정보가 없는 것처럼 개체를 링크합니다.
ProudNetServer.lib(bn_sqrt.obj) : warning LNK4099: '' PDB를 'ProudNetServer.lib(bn_sqrt.obj)' 또는 ''에서 찾을 수 없습니다. 디버그 정보가 없는 것처럼 개체를 링크합니다.
ProudNetServer.lib(bn_gf2m.obj) : warning LNK4099: '' PDB를 'ProudNetServer.lib(bn_gf2m.obj)' 또는 ''에서 찾을 수 없습니다. 디버그 정보가 없는 것처럼 개체를 링크합니다.
ProudNetServer.lib(ech_ossl.obj) : warning LNK4099: '' PDB를 'ProudNetServer.lib(ech_ossl.obj)' 또는 ''에서 찾을 수 없습니다. 디버그 정보가 없는 것처럼 개체를 링크합니다.
ProudNetServer.lib(tb_ecdh.obj) : warning LNK4099: '' PDB를 'ProudNetServer.lib(tb_ecdh.obj)' 또는 ''에서 찾을 수 없습니다. 디버그 정보가 없는 것처럼 개체를 링크합니다.
ProudNetServer.lib(d1_meth.obj) : warning LNK4099: '' PDB를 'ProudNetServer.lib(d1_meth.obj)' 또는 ''에서 찾을 수 없습니다. 디버그 정보가 없는 것처럼 개체를 링크합니다.
ProudNetServer.lib(p12_add.obj) : warning LNK4099: '' PDB를 'ProudNetServer.lib(p12_add.obj)' 또는 ''에서 찾을 수 없습니다. 디버그 정보가 없는 것처럼 개체를 링크합니다.
ProudNetServer.lib(p12_asn.obj) : warning LNK4099: '' PDB를 'ProudNetServer.lib(p12_asn.obj)' 또는 ''에서 찾을 수 없습니다. 디버그 정보가 없는 것처럼 개체를 링크합니다.
ProudNetServer.lib(f_string.obj) : warning LNK4099: '' PDB를 'ProudNetServer.lib(f_string.obj)' 또는 ''에서 찾을 수 없습니다. 디버그 정보가 없는 것처럼 개체를 링크합니다.
ProudNetServer.lib(ui_openssl.obj) : warning LNK4099: '' PDB를 'ProudNetServer.lib(ui_openssl.obj)' 또는 ''에서 찾을 수 없습니다. 디버그 정보가 없는 것처럼 개체를 링크합니다.
ProudNetServer.lib(bss_null.obj) : warning LNK4099: '' PDB를 'ProudNetServer.lib(bss_null.obj)' 또는 ''에서 찾을 수 없습니다. 디버그 정보가 없는 것처럼 개체를 링크합니다.
ProudNetServer.lib(bio_md.obj) : warning LNK4099: '' PDB를 'ProudNetServer.lib(bio_md.obj)' 또는 ''에서 찾을 수 없습니다. 디버그 정보가 없는 것처럼 개체를 링크합니다.
ProudNetServer.lib(cms_dd.obj) : warning LNK4099: '' PDB를 'ProudNetServer.lib(cms_dd.obj)' 또는 ''에서 찾을 수 없습니다. 디버그 정보가 없는 것처럼 개체를 링크합니다.
ProudNetServer.lib(bio_enc.obj) : warning LNK4099: '' PDB를 'ProudNetServer.lib(bio_enc.obj)' 또는 ''에서 찾을 수 없습니다. 디버그 정보가 없는 것처럼 개체를 링크합니다.
ProudNetServer.lib(ec2_mult.obj) : warning LNK4099: '' PDB를 'ProudNetServer.lib(ec2_mult.obj)' 또는 ''에서 찾을 수 없습니다. 디버그 정보가 없는 것처럼 개체를 링크합니다.
ProudNetServer.lib(pk7_attr.obj) : warning LNK4099: '' PDB를 'ProudNetServer.lib(pk7_attr.obj)' 또는 ''에서 찾을 수 없습니다. 디버그 정보가 없는 것처럼 개체를 링크합니다.
ProudNetServer.lib(bio_ndef.obj) : warning LNK4099: '' PDB를 'ProudNetServer.lib(bio_ndef.obj)' 또는 ''에서 찾을 수 없습니다. 디버그 정보가 없는 것처럼 개체를 링크합니다.
ProudNetServer.lib(asn_mime.obj) : warning LNK4099: '' PDB를 'ProudNetServer.lib(asn_mime.obj)' 또는 ''에서 찾을 수 없습니다. 디버그 정보가 없는 것처럼 개체를 링크합니다.
ProudNetServer.lib(bio_asn1.obj) : warning LNK4099: '' PDB를 'ProudNetServer.lib(bio_asn1.obj)' 또는 ''에서 찾을 수 없습니다. 디버그 정보가 없는 것처럼 개체를 링크합니다.
  Server.vcxproj -> C:\Users\정원규\Desktop\정원규\source\Training\Training4\x64\Debug\Server.exe
